3919
1 82
1 9
1 4
1 99
1 157
1 171
1 25
1 181
1 131
1 180
1 17
2 9
2 158
2 185
2 130
2 347
3 41
3 108
3 12
4 123
4 7
4 31
5 47
5 245
5 124
5 37
5 130
6 191
6 197
6 83
7 241
7 121
7 431
7 221
7 84
8 97
8 38
8 153
8 73
9 164
9 290
9 250
9 119
9 143
9 227
9 217
9 232
10 236
10 151
10 35
11 307
11 298
11 59
12 178
12 139
12 158
12 22
12 97
13 100
13 228
13 83
13 165
13 194
14 138
14 291
14 214
14 226
14 23
15 77
15 29
15 186
15 32
15 339
15 134
16 259
16 40
16 178
17 65
17 81
17 211
17 42
17 163
17 74
18 234
18 267
18 560
18 354
19 278
19 247
19 59
19 273
20 401
20 185
20 95
20 50
20 148
20 102
20 151
21 166
21 174
21 107
21 317
21 204
21 224
21 159
21 163
21 225
21 51
22 81
22 259
22 193
22 279
22 70
23 74
23 210
23 73
23 209
23 127
24 228
24 340
24 102
24 331
24 284
24 212
24 355
25 362
25 343
25 342
25 330
25 177
26 251
26 109
26 50
26 176
26 106
26 249
27 123
27 215
27 45
27 179
27 284
28 430
28 175
28 509
28 208
28 218
28 294
28 272
29 111
29 69
29 116
30 338
30 184
30 130
30 214
30 252
31 166
31 210
31 73
31 72
31 319
31 283
31 365
32 230
32 241
32 343
32 247
32 275
32 360
33 249
33 66
33 112
33 151
33 304
34 42
35 103
36 238
36 125
36 242
36 308
36 241
36 192
37 170
37 216
37 116
37 225
38 91
38 147
38 184
38 446
38 226
39 52
39 90
39 212
39 319
39 61
40 57
40 364
40 202
40 74
41 61
41 237
41 345
41 142
41 54
41 86
42 56
42 84
43 62
43 223
43 286
44 88
44 152
44 319
45 63
45 234
45 50
45 256
45 266
45 319
46 234
46 316
46 400
47 200
47 317
47 448
48 109
48 202
48 117
48 69
49 60
49 253
49 120
49 132
49 290
50 75
50 218
50 85
51 84
51 273
51 307
51 167
51 233
51 212
52 185
52 293
52 274
52 140
52 233
52 191
53 63
53 101
53 96
54 81
54 89
54 149
54 253
54 76
55 64
56 64
56 69
56 132
56 166
57 460
57 395
57 201
58 196
58 209
58 413
58 290
58 135
59 201
59 108
59 176
59 184
59 329
60 76
60 141
61 290
61 176
61 318
61 489
61 99
62 79
62 164
63 357
63 262
63 85
63 113
63 292
64 174
64 111
64 285
64 420
64 150
64 148
65 149
65 272
65 136
65 120
66 390
66 312
66 126
66 339
66 352
66 340
66 196
67 113
67 117
67 431
68 401
68 231
68 86
68 267
68 218
68 109
69 426
69 372
69 385
69 142
69 143
70 103
70 146
70 401
70 157
70 165
71 272
71 255
71 170
72 246
72 81
72 175
72 225
73 234
73 353
73 225
73 314
73 174
73 539
74 130
74 158
74 201
74 162
74 200
75 101
75 219
76 359
76 128
77 190
77 82
77 159
77 346
77 351
77 378
78 220
78 157
78 158
78 132
78 161
79 105
79 239
79 125
79 176
79 188
79 144
80 245
80 585
80 298
81 116
81 307
81 223
81 260
81 113
82 491
82 517
82 162
82 446
82 338
82 245
83 117
83 131
83 160
83 101
83 202
83 176
84 299
84 268
84 366
84 357
84 455
84 86
84 448
85 335
85 300
85 379
85 489
85 105
85 276
86 196
86 120
86 264
87 128
87 89
88 170
88 164
88 110
88 141
89 115
89 116
89 347
90 631
90 272
90 199
90 378
90 169
91 287
91 178
91 238
91 114
92 233
92 540
92 364
92 288
92 424
93 177
93 105
93 152
93 113
93 206
94 339
94 160
94 243
94 187
94 142
94 155
95 195
95 136
95 134
96 172
96 300
96 339
96 341
96 125
96 219
96 349
97 151
97 228
97 102
97 187
98 389
98 221
99 129
99 206
99 241
99 196
99 272
100 124
100 261
100 161
101 322
101 177
101 242
101 433
102 365
102 248
102 182
102 195
102 324
103 291
103 343
103 234
103 161
103 171
103 244
104 215
104 206
104 223
104 220
104 107
105 289
105 336
105 438
106 179
106 126
106 107
106 299
106 118
106 252
106 585
107 309
107 334
107 125
108 261
108 284
108 308
108 340
109 130
109 174
109 260
109 262
109 159
110 250
110 353
110 376
110 237
110 438
110 260
111 170
111 165
111 349
111 154
111 114
112 279
112 145
112 344
112 267
113 132
113 269
113 217
114 209
114 230
114 289
114 263
114 233
114 303
114 155
115 332
115 241
115 344
115 199
115 129
115 205
116 343
116 141
116 332
116 250
116 433
117 280
117 128
117 259
118 314
118 226
118 312
118 369
118 216
119 263
119 339
119 210
119 257
119 198
119 325
120 734
120 337
120 504
120 469
120 347
121 136
122 192
122 281
122 321
122 392
122 186
122 420
123 475
123 343
123 205
123 371
123 370
123 276
123 579
124 195
124 176
125 184
125 137
125 262
125 232
125 375
126 381
126 365
126 341
126 305
126 242
126 356
126 362
126 371
127 272
127 235
127 332
127 263
127 290
127 319
127 437
127 403
128 249
128 245
128 158
128 199
128 206
128 216
129 168
129 153
129 279
129 393
130 172
130 154
130 147
130 198
130 137
130 182
131 387
131 249
131 370
131 426
131 331
131 262
131 338
131 500
132 176
132 238
132 239
132 198
132 151
133 489
133 223
133 237
133 326
133 294
133 375
133 298
133 225
134 240
134 349
134 167
134 298
134 329
134 157
134 281
134 138
135 260
135 371
135 275
136 146
136 152
136 331
137 429
137 450
137 175
137 389
137 424
137 520
138 354
138 227
138 199
138 246
138 286
139 155
139 219
140 210
140 195
140 225
140 143
141 182
141 144
141 203
142 214
142 251
142 367
143 278
143 351
143 631
143 208
144 226
144 324
144 268
144 235
144 269
144 323
144 238
145 175
145 226
145 260
145 253
145 148
145 179
146 539
146 275
146 226
146 404
147 418
147 186
147 277
147 483
147 354
147 500
147 370
148 214
149 231
149 274
149 297
149 255
149 389
150 240
150 306
150 390
150 249
151 205
151 270
151 233
151 189
151 229
151 370
151 245
151 333
152 194
152 174
152 208
152 184
152 325
153 228
153 246
153 445
153 324
153 335
153 280
154 323
154 216
155 322
155 338
155 280
155 299
155 173
155 454
156 227
156 420
156 207
157 244
157 184
157 266
157 221
157 393
158 369
158 288
158 382
158 372
158 208
158 300
158 343
158 328
158 332
159 201
159 329
159 237
159 357
159 360
159 340
159 212
160 747
160 389
160 381
160 560
160 239
161 232
161 363
161 357
161 443
161 337
161 327
162 595
162 293
163 203
163 200
163 270
163 236
163 210
164 309
164 208
164 200
164 509
164 357
164 332
165 306
165 425
165 229
165 585
165 315
166 219
166 300
166 170
166 262
166 202
167 531
167 430
167 445
167 516
167 522
167 370
168 225
168 329
168 235
168 414
168 240
168 200
169 474
169 255
169 310
169 322
169 391
169 313
170 392
170 290
170 234
171 219
171 242
171 340
171 173
171 440
171 191
171 214
171 212
171 339
172 228
172 322
172 232
172 190
172 336
173 221
173 325
173 359
173 192
173 365
173 247
173 313
173 293
174 197
174 248
174 392
175 631
175 517
175 451
175 483
175 461
176 312
176 330
176 349
176 326
176 219
176 185
176 343
177 357
177 193
178 321
178 333
179 272
179 464
179 273
179 411
180 275
180 440
180 351
181 213
181 499
181 277
181 224
181 419
182 256
182 189
182 258
183 271
183 278
183 246
183 361
183 334
184 359
184 363
184 312
185 196
185 321
185 367
185 547
186 236
186 299
186 455
186 203
186 307
186 433
186 333
187 440
187 484
187 459
187 277
188 237
188 244
189 297
189 282
189 353
189 285
189 294
190 265
190 316
190 344
190 256
190 319
191 204
191 326
192 695
192 502
192 495
192 589
192 717
193 386
193 198
193 246
193 254
193 531
194 247
194 259
194 204
194 284
194 408
195 438
195 560
195 241
195 500
196 353
196 314
196 280
196 236
196 442
196 454
196 418
196 306
197 532
197 485
197 507
197 362
197 457
197 397
197 571
198 241
198 308
198 631
198 320
199 262
199 503
199 265
199 363
200 247
200 239
200 228
200 304
201 252
201 271
201 332
201 245
202 220
202 232
202 631
203 346
204 290
204 220
204 308
204 497
204 361
205 622
205 483
205 463
205 422
205 222
205 328
206 238
206 233
206 428
207 344
207 571
207 483
207 747
207 491
208 292
208 222
208 407
208 267
208 281
208 240
209 500
209 329
209 288
209 579
209 336
209 353
210 593
210 455
210 369
210 516
211 365
211 290
211 340
211 299
211 309
211 277
211 215
212 438
212 280
212 305
212 304
213 545
213 443
213 480
213 492
213 336
213 592
214 239
214 216
215 619
215 458
215 578
215 548
215 331
215 382
216 330
216 224
216 235
217 417
217 220
217 293
217 228
218 347
218 333
218 381
218 318
218 448
218 302
219 226
219 483
220 420
220 268
220 446
220 353
220 313
220 412
220 323
220 680
221 286
221 484
221 275
221 458
222 519
222 379
222 484
223 274
223 398
223 337
223 385
223 320
223 265
224 271
224 230
224 460
224 313
224 351
224 247
225 361
225 304
225 256
225 383
226 322
226 438
226 285
226 346
226 265
227 302
227 505
228 366
228 273
228 585
228 484
228 426
229 633
229 392
229 450
229 391
229 487
230 357
230 510
231 534
231 338
231 308
231 328
231 268
231 410
232 680
232 378
232 386
232 253
232 310
233 437
233 460
234 508
234 242
234 237
234 440
235 322
235 254
235 289
235 264
236 477
236 551
236 544
236 410
237 274
237 335
237 385
238 278
238 402
238 309
238 401
238 282
239 559
239 369
239 515
239 397
239 506
240 457
240 481
240 482
240 255
241 398
241 278
242 409
242 347
242 495
242 355
242 482
242 469
243 345
243 248
243 284
244 517
244 277
244 560
244 258
245 399
245 503
245 407
245 257
246 293
246 579
246 338
246 506
247 633
247 307
247 341
247 600
247 346
247 605
248 424
248 281
248 633
248 368
248 322
248 337
248 467
248 631
249 495
249 344
249 317
250 300
250 466
250 358
250 484
250 321
250 359
251 631
251 315
251 363
251 368
252 474
252 345
252 366
252 287
253 501
253 296
254 500
254 502
254 374
254 687
254 565
254 535
254 543
255 441
255 404
255 528
255 446
255 565
256 285
257 352
257 289
257 481
257 458
257 455
257 528
257 398
257 384
258 469
258 311
258 463
258 437
258 342
259 327
259 417
259 265
259 297
259 283
259 288
259 291
259 306
260 263
260 656
260 460
261 397
261 300
261 303
261 474
261 393
261 301
261 374
262 301
262 418
262 320
262 361
262 364
262 271
263 335
263 314
263 269
263 387
264 295
264 277
264 485
264 303
265 442
265 395
265 393
265 287
265 296
266 375
266 283
266 333
266 273
267 530
267 368
267 350
268 483
268 567
268 384
268 405
268 421
268 373
268 334
268 351
269 563
269 318
269 327
269 338
270 392
270 299
270 347
271 325
271 326
271 282
272 492
272 341
272 396
272 545
272 468
272 390
272 360
272 351
273 276
273 330
273 326
273 399
274 383
274 369
274 540
274 361
274 350
274 287
274 412
275 489
275 292
275 304
275 300
275 442
275 312
275 419
275 396
275 374
275 548
275 354
276 303
276 288
276 421
276 540
276 381
276 306
276 537
277 434
277 327
277 404
278 333
278 315
278 427
278 336
278 350
279 495
279 330
279 337
279 334
279 635
279 571
279 503
279 436
280 505
280 573
280 539
280 568
280 512
280 633
280 618
281 448
281 682
281 594
282 306
282 358
282 296
282 557
283 345
283 465
283 359
283 528
283 389
283 484
284 322
284 288
284 469
284 633
285 379
285 392
285 302
285 451
286 489
286 302
286 426
286 392
287 333
287 403
287 397
287 328
287 370
288 516
288 481
288 312
288 412
288 385
288 358
288 455
288 313
288 373
289 374
289 293
289 595
289 456
289 533
289 331
289 418
290 375
290 457
290 509
290 504
290 434
290 519
290 378
291 491
291 333
291 580
291 448
292 579
292 342
292 403
292 355
292 485
293 348
293 413
293 519
293 461
293 392
294 310
294 325
294 386
294 327
295 605
295 570
295 446
295 468
295 469
295 439
295 350
295 419
296 350
296 390
296 605
296 577
296 531
296 484
297 395
297 459
297 448
297 369
297 359
297 383
297 310
297 439
298 547
298 330
298 402
298 354
298 331
299 571
299 336
299 387
299 301
299 466
300 327
300 477
300 471
301 324
301 311
301 337
301 302
302 437
302 419
302 342
302 305
302 399
303 465
303 428
303 310
303 631
304 356
305 450
305 508
305 376
305 417
305 306
305 368
306 386
306 473
306 377
306 462
306 391
306 734
307 505
307 497
307 327
307 580
308 420
308 474
308 318
308 460
308 417
309 423
309 529
309 461
309 382
309 413
310 424
310 518
310 350
310 377
310 557
310 342
311 410
311 379
312 523
312 532
312 316
313 514
313 595
313 538
313 389
314 394
314 508
315 378
315 445
315 411
315 440
315 346
315 458
316 538
316 418
316 407
316 477
316 380
316 433
317 472
317 490
317 441
317 339
318 355
318 393
318 539
318 600
318 499
318 513
318 421
319 383
319 353
319 581
319 360
320 333
320 517
320 323
320 446
320 467
320 392
321 396
321 338
321 622
322 328
322 406
322 450
322 422
323 485
323 586
323 421
323 547
323 419
323 434
323 456
324 564
324 809
324 632
324 623
324 552
325 659
325 404
325 402
325 550
325 516
325 428
326 539
326 675
326 720
326 738
326 570
326 669
326 569
326 673
326 769
327 491
327 368
328 531
328 492
328 501
328 495
328 544
329 527
329 449
329 561
329 473
329 422
330 453
330 583
330 356
330 353
331 640
331 605
331 509
332 456
332 734
332 477
332 560
332 361
332 441
332 533
332 485
333 405
333 522
334 372
334 509
335 592
335 364
335 569
335 618
335 414
335 673
336 506
336 367
336 404
336 416
337 605
337 486
337 450
337 352
338 355
338 470
338 490
338 560
338 581
338 539
339 730
339 432
339 408
339 414
339 571
339 720
340 546
340 563
340 411
340 489
340 557
340 607
341 523
341 700
341 609
341 507
341 377
341 516
341 674
341 521
342 536
342 480
342 452
342 472
342 390
342 594
342 720
343 525
343 506
343 540
343 509
344 469
344 356
344 489
344 493
344 355
344 386
344 412
344 354
345 405
346 477
346 405
346 375
347 422
347 454
347 598
347 521
347 556
348 624
348 396
348 507
348 548
348 496
349 384
349 526
349 389
350 614
350 505
351 494
351 415
351 374
352 459
352 369
352 551
353 808
353 717
353 689
353 566
353 728
353 739
354 622
354 455
354 461
354 479
355 619
355 415
355 451
355 397
355 595
356 513
356 508
356 574
356 363
357 497
357 451
357 572
357 429
357 524
358 641
358 618
358 714
358 507
358 717
359 482
359 378
359 387
359 514
359 545
359 381
359 461
359 398
360 476
360 380
360 443
360 477
361 550
361 538
361 717
361 666
361 536
361 507
362 423
362 561
362 417
362 482
363 505
363 463
363 384
363 514
363 507
364 381
365 367
365 430
365 379
365 522
365 502
365 431
366 560
366 500
366 622
366 603
366 499
366 522
367 509
367 377
367 465
367 471
367 467
368 388
368 398
369 586
369 558
369 421
369 611
369 620
369 549
370 407
370 648
370 428
370 519
371 431
371 567
371 425
371 631
371 420
371 460
372 443
372 430
372 491
372 441
373 586
373 507
373 427
373 458
374 927
374 774
374 740
375 649
375 435
375 571
375 381
375 613
375 376
375 606
376 626
376 382
377 710
377 730
377 551
377 543
377 648
377 593
378 406
379 412
379 533
380 671
380 547
380 781
381 391
382 495
382 635
382 637
382 476
382 595
383 570
383 430
383 600
383 486
383 434
384 536
384 403
385 474
385 459
385 544
385 673
386 481
386 824
386 510
386 574
387 402
387 584
388 405
388 394
388 395
389 541
389 396
390 515
390 436
390 679
390 566
391 626
391 470
391 517
391 467
391 609
391 683
391 527
392 406
392 432
392 600
392 659
393 496
393 618
394 406
394 572
395 400
395 565
395 494
395 528
395 540
395 572
396 567
396 483
396 493
396 627
397 661
397 663
397 424
397 609
397 647
398 547
398 510
398 406
399 425
399 493
399 476
399 459
399 408
400 564
400 525
400 427
400 532
400 411
400 635
401 561
401 524
401 639
401 430
401 687
402 504
402 453
402 560
402 583
402 492
403 415
403 444
403 734
404 581
404 462
404 624
404 637
404 627
404 753
405 504
405 406
406 409
406 462
407 955
407 837
407 410
407 714
407 883
407 673
407 864
408 548
408 461
408 518
409 416
409 429
409 441
409 423
410 915
410 892
410 735
410 747
410 750
411 510
411 469
411 622
411 582
411 463
412 478
412 523
412 643
412 529
412 524
413 526
413 462
413 507
413 602
413 631
414 628
414 697
414 670
414 594
415 554
415 577
415 570
415 456
416 717
416 564
416 583
416 606
417 636
417 749
417 593
417 644
418 497
418 545
418 457
418 611
419 492
419 432
419 537
419 579
420 426
420 443
420 463
420 452
420 569
421 422
421 548
421 674
421 552
422 435
422 607
423 476
423 711
424 427
424 486
424 576
424 720
425 439
425 566
425 499
426 465
426 429
426 439
427 574
427 628
427 573
427 624
427 588
427 521
428 615
428 693
428 528
428 670
428 559
428 514
429 617
429 447
429 449
429 647
429 542
430 803
430 577
430 511
430 504
430 500
431 490
431 473
431 572
431 565
432 554
432 577
433 673
433 694
433 667
433 851
433 779
433 709
433 608
433 736
434 466
434 563
434 636
434 476
435 451
436 665
436 572
436 589
436 659
437 576
437 794
437 789
437 678
437 777
438 497
438 495
438 439
438 540
439 659
439 572
439 608
439 733
440 471
440 468
440 460
440 540
440 481
440 450
440 511
441 511
441 520
441 464
441 627
442 497
442 494
442 604
442 496
442 525
443 466
443 456
443 471
443 648
444 605
444 611
444 726
444 504
444 643
444 467
444 477
444 566
445 730
445 501
445 493
445 534
445 461
446 667
446 584
446 520
446 595
446 454
446 525
447 453
447 747
447 551
448 604
448 667
448 449
449 472
449 525
449 478
450 465
450 680
450 673
451 592
451 730
451 507
451 582
452 665
452 633
452 725
452 613
452 637
452 658
453 653
453 490
453 558
453 642
454 522
454 532
454 578
454 551
454 537
455 711
455 816
455 794
455 704
456 542
456 496
457 564
457 521
457 635
458 466
458 635
458 593
458 519
458 486
459 823
459 482
459 615
459 542
459 666
460 504
460 627
460 720
460 569
460 594
460 483
461 576
461 523
461 485
461 643
462 551
463 663
463 506
463 615
463 490
463 553
463 823
464 502
464 475
464 610
464 526
465 649
465 533
465 599
465 542
465 577
465 491
465 515
466 514
466 505
466 577
466 695
466 604
467 644
467 593
467 525
467 727
468 604
468 776
468 528
468 495
468 732
468 636
469 575
469 470
469 665
470 688
470 675
470 687
470 587
470 760
470 730
471 661
471 568
471 479
471 660
471 618
471 564
472 728
472 711
472 599
472 593
472 637
472 766
473 533
473 558
473 603
474 914
474 936
474 767
474 708
475 598
475 496
476 494
476 516
476 622
477 554
478 546
478 479
479 488
479 559
479 513
479 662
480 497
480 526
481 497
481 576
482 490
482 529
482 525
483 485
483 730
484 548
484 679
484 687
485 487
485 588
485 611
486 561
486 562
486 536
486 601
486 687
486 577
486 754
487 530
487 554
487 605
487 510
487 561
488 841
488 619
488 726
488 809
488 748
488 782
489 664
489 674
489 714
489 709
489 578
489 566
490 682
490 594
490 512
490 742
490 755
490 717
491 518
491 590
491 754
492 702
492 755
492 603
493 577
493 557
493 656
493 657
494 599
494 582
494 562
495 586
495 498
496 529
496 728
496 501
496 559
497 553
497 530
497 606
497 823
498 724
498 599
499 649
499 524
499 665
499 523
500 858
500 616
500 730
500 843
501 679
501 537
501 515
502 537
502 598
502 970
502 699
502 710
502 735
502 581
503 581
503 602
503 689
503 702
503 692
503 666
504 544
504 695
505 542
505 778
506 584
506 522
506 511
506 603
507 808
507 589
507 648
508 655
508 732
508 719
508 644
508 636
509 576
509 542
509 512
509 695
509 551
509 710
510 573
510 583
511 573
511 769
511 709
511 613
512 593
512 536
512 518
512 552
512 690
512 632
512 732
512 740
512 716
512 677
513 608
513 521
514 823
514 535
514 566
515 532
515 561
515 527
516 720
516 588
516 655
516 577
516 677
516 746
516 681
516 761
517 534
517 566
518 648
518 606
518 624
519 535
519 564
519 524
520 527
520 564
520 611
520 590
521 627
521 593
521 803
521 544
521 554
522 629
522 710
522 649
522 568
522 558
523 684
523 562
524 604
524 532
524 601
525 602
525 625
525 641
526 717
526 740
526 637
526 701
526 657
527 573
527 738
527 766
527 597
528 704
528 614
528 731
528 978
528 970
529 608
529 650
529 549
530 687
530 710
530 578
530 550
530 546
531 685
531 986
531 747
531 565
531 610
531 715
532 541
532 823
532 587
532 550
533 541
533 538
533 638
534 535
534 997
535 738
535 763
535 752
535 632
536 699
536 679
536 689
536 752
536 790
536 724
536 739
536 878
537 787
537 566
538 702
538 836
538 729
538 563
538 710
538 771
539 716
539 639
540 730
540 577
540 541
540 586
541 764
541 617
541 609
541 543
542 552
542 726
542 627
542 736
542 728
542 584
542 561
542 664
542 702
543 725
543 588
543 612
544 836
544 808
544 670
544 817
544 664
545 792
545 643
545 798
545 723
545 617
546 551
546 555
547 626
547 609
547 591
548 580
548 588
548 723
548 738
548 713
549 557
549 556
550 727
550 709
550 661
550 552
550 590
550 663
550 575
551 577
551 726
551 603
551 568
551 612
552 657
552 769
552 696
553 716
553 819
553 764
553 616
553 858
553 752
553 809
553 593
554 584
554 558
554 637
554 562
555 646
555 565
555 581
555 615
555 564
556 653
556 751
556 644
556 621
556 668
557 629
557 665
557 614
557 613
558 614
558 602
558 658
559 632
559 584
559 669
559 751
559 582
559 685
559 809
560 725
560 696
561 608
561 654
561 716
561 746
561 564
561 980
562 614
562 610
562 589
562 692
563 978
563 568
563 644
563 682
564 967
564 893
564 738
565 739
565 644
565 625
565 637
565 752
565 769
566 843
566 701
566 587
566 568
566 620
567 573
568 756
568 759
568 698
568 634
569 588
569 718
569 779
569 623
570 906
570 927
570 858
570 978
571 579
571 588
571 895
572 661
572 606
572 744
572 590
572 809
573 616
573 793
573 612
574 702
574 761
575 758
575 591
575 671
575 754
575 596
576 604
576 733
576 796
577 835
577 866
577 716
577 731
577 693
577 786
577 769
578 941
578 792
578 634
578 835
579 832
579 897
580 661
580 672
580 805
581 642
581 915
581 809
581 749
581 663
582 601
582 773
583 752
583 683
583 610
583 684
583 744
583 706
583 661
583 596
584 708
584 634
584 644
584 816
584 797
584 645
584 782
585 608
585 600
585 590
586 742
586 650
586 691
586 699
586 825
587 912
587 946
587 960
587 956
587 892
588 743
588 715
588 735
588 625
588 970
589 653
589 834
589 632
589 670
589 664
589 728
589 749
590 752
590 683
590 779
590 706
590 613
590 758
591 613
591 692
591 691
592 754
592 636
592 614
592 679
593 884
593 838
593 735
594 644
594 986
594 889
594 738
594 672
594 716
594 652
594 766
595 826
595 668
595 856
595 679
596 628
596 743
596 745
596 852
597 678
597 725
597 607
597 700
597 602
597 629
597 729
597 769
597 670
598 615
598 772
599 644
599 629
599 618
599 662
599 802
600 653
600 750
600 794
600 706
600 837
600 632
601 816
601 802
601 675
601 678
602 686
602 787
602 638
603 732
603 754
603 673
603 716
603 856
603 626
603 675
604 623
604 782
605 972
605 785
606 985
606 842
606 783
606 945
606 886
606 796
607 796
607 621
607 716
607 694
608 670
608 856
608 692
608 658
609 650
609 712
609 628
609 726
609 621
609 657
610 722
610 973
610 703
610 621
611 755
611 773
611 648
612 630
612 636
612 895
612 629
613 681
613 623
613 677
613 695
613 647
613 670
613 751
613 676
613 927
614 832
614 745
614 651
614 881
614 646
614 621
614 691
614 634
615 779
615 741
615 837
615 788
615 703
616 857
616 662
616 953
616 672
617 690
617 707
617 802
617 620
618 762
618 645
618 835
618 755
618 787
618 690
619 797
619 851
619 721
620 845
620 769
620 644
620 682
620 799
621 905
621 865
621 802
621 879
621 875
621 962
622 853
622 737
622 804
622 922
622 914
623 743
623 696
623 736
624 792
624 793
624 775
624 797
624 667
625 698
625 640
626 873
626 654
626 816
627 743
627 798
627 862
628 857
628 708
628 715
628 909
628 779
628 854
628 860
629 886
629 668
629 752
629 756
630 652
630 641
630 777
630 653
631 768
631 651
631 704
631 827
631 717
632 824
632 799
632 678
632 650
632 921
632 688
633 660
633 978
633 739
633 724
633 701
633 832
633 858
634 694
634 972
634 722
634 677
634 760
634 781
635 643
635 965
635 851
635 785
636 746
636 641
636 717
636 820
636 729
636 759
637 640
637 793
637 653
637 692
637 721
637 666
638 639
638 665
639 733
639 655
639 705
639 677
639 664
639 813
639 832
639 837
639 758
639 802
640 780
640 755
640 709
640 651
640 699
641 768
641 701
641 689
641 787
641 642
642 645
642 770
642 784
642 690
643 724
643 871
643 947
643 915
643 838
643 784
643 758
644 712
644 875
644 934
644 886
644 949
644 976
644 940
645 704
645 654
645 697
646 818
646 756
646 668
646 895
646 896
647 716
647 712
647 711
648 698
648 675
648 782
648 824
648 739
648 843
648 749
649 669
649 738
650 832
650 725
651 789
651 804
651 857
651 762
651 786
651 770
651 672
652 886
652 932
652 702
652 750
653 979
653 897
653 835
653 970
653 712
653 767
654 761
654 760
655 962
655 881
655 913
655 815
655 985
656 717
656 758
656 760
656 693
656 707
656 659
657 689
657 688
657 756
657 660
657 713
657 748
657 714
658 850
658 764
659 805
659 734
660 684
660 743
660 899
660 777
660 774
660 970
661 721
661 704
661 886
661 799
661 777
661 753
662 722
662 898
662 749
662 674
663 664
663 980
663 866
664 818
664 755
664 825
664 706
664 676
664 773
664 844
665 812
665 862
666 878
666 744
666 729
667 912
667 728
667 745
667 796
667 899
668 889
668 723
668 681
668 713
668 850
668 870
669 773
669 731
669 739
669 730
669 789
670 785
670 953
670 784
670 780
670 912
671 938
671 867
671 787
672 893
672 847
672 828
672 904
673 795
673 970
673 967
673 874
673 932
674 753
674 987
674 899
674 851
674 860
674 698
675 694
675 679
675 759
676 704
676 768
676 801
676 693
677 933
677 770
677 921
677 715
678 701
678 798
678 854
679 864
679 789
679 915
679 741
679 733
680 986
680 897
681 980
681 922
681 942
681 831
681 739
681 807
681 799
681 817
682 803
682 708
682 713
682 800
683 763
683 805
683 697
683 742
683 793
683 802
684 976
684 812
684 691
685 771
685 724
685 835
685 689
685 756
686 718
686 809
686 949
686 793
687 796
688 853
688 955
688 888
689 896
689 830
689 750
689 833
689 744
689 721
689 837
690 857
690 789
691 746
691 815
691 786
691 836
691 952
691 924
692 896
692 729
692 776
692 940
692 819
692 705
693 750
693 715
693 759
693 697
693 719
693 878
694 811
694 841
694 847
694 724
694 767
694 798
695 896
695 731
695 933
695 967
696 724
696 807
696 889
696 721
696 766
696 808
697 947
697 804
697 740
697 756
698 758
698 855
699 751
699 712
699 879
699 832
699 775
699 816
699 770
700 852
700 756
700 714
700 787
700 839
701 982
701 855
701 813
701 713
701 705
702 809
702 791
702 724
702 745
702 774
702 706
702 775
703 723
703 840
703 777
703 921
704 852
705 841
705 741
705 797
705 737
705 783
705 707
706 908
706 950
706 863
706 718
706 782
706 827
706 838
707 828
707 835
707 825
707 919
707 844
707 748
708 791
708 961
708 945
708 929
709 829
709 796
709 928
709 794
710 871
710 900
710 936
710 786
711 761
711 895
711 836
711 815
711 972
712 983
712 812
712 917
712 762
712 913
713 811
714 957
714 975
714 917
715 821
715 819
715 893
715 772
716 737
716 798
716 749
716 788
716 837
717 775
717 748
717 830
717 974
718 857
718 944
718 760
718 982
718 975
719 800
719 909
720 735
720 741
720 849
720 766
720 794
720 973
721 814
721 821
721 954
721 735
722 762
722 821
722 927
722 876
722 877
722 727
723 742
723 915
723 755
724 829
724 834
725 830
725 731
725 927
725 986
725 819
725 933
725 879
726 796
726 967
726 825
726 811
727 859
727 922
728 954
728 900
728 866
728 843
728 938
728 921
728 987
728 812
729 756
729 811
729 869
729 852
730 864
730 733
730 923
731 790
731 778
731 884
731 919
731 771
732 810
732 766
732 739
732 829
732 797
733 799
733 788
733 746
734 854
734 745
734 736
735 813
735 894
735 982
735 934
735 852
735 827
736 756
736 818
737 818
737 828
738 862
738 837
738 861
739 825
740 924
740 850
740 814
740 783
740 904
741 971
741 868
741 771
742 934
742 867
742 829
743 760
743 818
743 783
743 771
744 892
744 831
744 945
744 773
744 906
745 763
745 825
745 795
745 780
745 859
746 847
746 891
746 838
747 911
747 888
748 899
748 876
748 884
749 936
749 790
749 851
750 810
750 843
750 981
750 965
751 783
751 940
751 960
751 905
751 886
751 861
752 812
752 904
752 852
752 931
753 930
753 808
753 822
754 985
754 907
754 942
754 902
754 864
754 816
755 765
755 926
755 922
756 930
756 775
756 757
757 807
757 799
757 879
757 943
757 926
758 791
758 866
758 904
758 835
758 948
758 790
759 854
759 894
759 937
760 947
760 917
760 903
760 987
760 964
761 812
761 869
761 854
761 785
761 788
761 826
761 912
762 904
762 805
762 932
762 980
763 862
763 767
763 958
763 901
763 839
764 831
764 800
764 849
764 880
765 902
765 941
765 872
765 945
765 839
765 816
766 865
766 800
766 831
766 843
766 893
766 965
767 925
767 915
767 959
768 840
768 995
768 954
769 839
769 927
769 840
770 891
770 886
770 861
770 783
771 792
771 806
772 822
772 851
772 831
772 793
772 791
772 796
772 847
772 944
773 779
773 794
773 841
773 852
774 933
774 819
774 804
774 973
774 798
774 776
775 984
775 934
776 909
776 942
776 995
777 912
777 923
778 906
778 818
778 991
779 869
779 903
779 897
779 886
779 936
780 828
781 943
781 983
782 916
782 812
783 812
783 829
783 847
784 898
785 890
785 821
786 958
786 955
786 975
786 882
787 875
787 934
787 850
787 795
787 788
788 804
788 848
789 795
790 892
790 872
790 826
790 917
790 839
791 969
791 861
791 982
792 807
792 815
792 964
792 848
792 817
792 948
793 966
793 959
794 876
794 863
795 853
795 998
795 980
795 847
796 910
796 940
797 848
797 836
797 996
797 897
798 813
798 800
798 885
798 844
799 853
799 846
799 906
799 876
800 892
800 855
800 999
800 938
800 840
800 806
801 861
801 939
802 848
802 948
802 930
803 933
803 874
803 885
803 963
803 832
804 900
804 959
804 872
804 949
804 956
805 958
805 890
805 965
806 923
807 924
807 910
807 945
807 874
807 972
807 859
808 960
808 964
808 907
808 845
808 911
809 825
809 820
809 813
809 853
809 830
809 852
810 858
810 857
810 943
811 951
811 944
811 849
812 935
812 981
813 905
813 912
815 998
815 833
815 932
815 956
815 930
816 871
817 890
817 892
817 882
817 861
818 953
818 871
818 924
818 892
819 922
819 847
819 838
820 865
820 831
820 921
821 864
821 936
821 908
821 997
822 947
822 982
822 871
823 903
823 937
824 880
824 985
825 972
825 941
825 840
826 861
826 846
826 901
826 932
827 840
827 873
827 880
828 923
828 861
828 987
828 911
829 901
830 977
830 856
831 991
831 977
831 997
831 950
832 844
832 852
832 972
833 939
833 871
833 860
834 859
834 925
834 875
835 862
835 849
836 910
836 867
837 933
837 919
837 853
837 891
838 870
838 859
839 985
839 924
840 857
840 902
840 842
840 872
841 863
841 887
842 990
842 903
843 860
843 939
843 853
843 908
844 875
844 905
844 928
844 981
844 910
845 903
845 887
846 894
846 888
847 869
848 920
848 953
849 859
851 874
851 888
851 985
851 934
851 913
852 875
852 920
852 913
852 903
852 855
852 953
853 887
853 963
853 909
854 864
854 958
854 881
854 916
854 950
855 877
855 873
856 910
856 903
856 883
857 945
858 957
859 888
859 966
859 883
859 901
859 892
860 922
861 958
861 955
861 966
862 882
862 952
862 890
863 872
864 888
864 897
864 983
864 865
866 950
866 992
867 932
867 875
868 927
868 873
869 939
869 880
869 884
869 951
869 926
869 871
870 989
870 917
870 944
871 885
871 966
872 905
872 925
873 916
875 937
875 890
875 966
876 882
876 932
877 962
877 912
877 910
877 969
877 977
878 901
878 906
878 935
879 883
880 962
880 974
880 977
881 889
882 946
882 990
882 929
883 914
883 934
884 975
884 989
884 948
886 996
886 926
887 957
887 902
888 918
889 917
889 993
889 942
890 960
890 907
890 995
892 988
892 911
892 992
892 913
892 958
893 994
894 941
894 938
895 979
895 965
896 941
896 952
897 919
898 978
898 909
898 946
898 943
899 915
900 943
900 903
901 931
901 903
901 994
902 976
902 935
904 995
904 951
904 906
904 933
905 971
905 968
905 943
906 950
907 923
908 989
908 991
912 944
912 951
913 939
914 991
915 992
916 925
916 942
916 946
917 996
917 935
917 988
919 987
920 957
921 924
922 975
922 936
922 937
923 939
923 950
926 964
926 975
927 957
929 999
930 990
933 939
934 998
934 957
937 994
939 984
939 959
940 979
940 975
940 992
941 964
941 981
942 959
947 973
948 958
950 956
952 989
952 966
954 960
957 992
957 993
958 996
959 961
959 989
961 977
961 969
963 975
963 979
968 991
968 976
971 993
972 996
976 994
976 983
976 984
978 990
982 984
982 991
982 993
983 988
987 999
987 991
990 991
