3881
1 569
1 969
1 519
2 999
2 16
2 474
2 379
2 859
2 45
2 683
3 325
3 623
3 337
4 394
4 677
4 473
5 928
5 247
5 223
5 373
5 526
5 740
5 460
6 952
6 295
6 660
6 501
7 359
7 832
7 305
7 399
7 379
8 360
8 592
8 205
9 379
9 449
9 832
9 120
9 396
10 468
10 965
11 175
11 483
11 976
11 25
11 556
12 808
12 525
12 137
12 611
12 733
12 1
12 737
13 918
13 362
13 672
14 934
14 796
14 984
14 841
15 218
15 553
16 754
16 437
16 378
16 524
16 905
16 426
16 312
17 709
17 911
17 115
18 9
18 857
18 285
18 294
19 548
19 166
19 772
19 35
19 327
20 627
20 960
20 536
20 666
21 713
21 508
21 438
21 795
21 804
22 372
22 202
22 723
23 672
23 102
23 581
24 804
24 99
24 806
25 726
25 593
25 954
25 584
25 163
25 78
26 121
26 517
27 392
27 50
27 199
27 446
27 307
27 818
28 246
28 759
28 470
28 690
28 963
29 646
29 328
29 296
29 630
29 405
30 608
30 595
30 962
30 989
31 478
32 913
32 145
32 40
33 260
33 976
33 553
33 484
33 576
34 630
34 364
34 389
34 460
34 54
35 309
35 789
35 366
35 658
35 581
36 360
36 581
36 269
36 326
36 256
37 5
37 545
37 765
37 124
37 968
37 870
37 337
37 900
38 258
38 684
38 558
38 742
38 822
38 536
38 465
38 236
39 25
39 833
39 766
40 613
40 862
41 34
41 723
41 170
41 358
41 760
42 143
42 666
44 34
44 209
44 842
44 469
44 483
45 446
45 649
46 976
46 347
46 129
46 214
46 802
46 937
47 772
47 827
48 266
48 980
48 455
48 464
48 244
48 437
48 311
49 337
49 570
49 240
50 258
50 257
50 941
50 875
50 231
50 389
50 94
51 797
51 274
51 91
51 861
51 447
52 294
52 275
53 276
53 900
53 178
53 36
53 238
53 722
54 914
54 369
54 370
54 593
54 283
54 489
54 614
55 39
55 179
55 540
55 610
55 310
55 703
57 225
57 594
58 101
58 978
58 377
59 163
59 236
60 870
60 475
60 765
60 234
60 168
60 167
60 653
60 758
60 712
61 562
61 13
61 348
61 950
62 625
62 606
62 721
62 504
63 498
63 375
63 638
63 321
63 285
64 573
64 883
64 144
64 262
65 304
65 547
65 47
65 35
66 842
66 669
67 792
67 489
67 581
67 401
68 322
68 844
68 434
69 14
69 475
70 477
70 762
70 640
70 694
71 534
71 986
71 250
71 382
72 793
73 700
73 655
73 532
73 688
73 144
73 885
73 948
74 974
74 845
74 985
75 441
75 777
75 623
76 364
76 516
76 870
76 72
76 752
76 519
77 512
77 892
77 646
77 558
77 279
77 887
78 624
78 681
78 256
78 909
78 558
79 912
79 909
79 772
79 765
79 402
79 314
79 13
80 663
80 373
80 725
81 17
81 897
81 374
81 9
82 306
82 20
82 733
82 723
83 753
83 617
84 978
84 184
84 897
84 994
85 229
85 676
85 143
86 484
86 178
86 941
87 517
87 763
87 47
87 642
87 14
88 400
88 914
89 362
89 934
89 520
89 789
90 550
90 193
90 123
90 838
91 513
91 94
91 448
91 834
92 956
92 298
92 191
92 770
94 653
94 147
94 668
94 891
94 445
95 601
95 533
95 989
95 77
95 240
95 586
96 250
96 154
96 219
96 257
96 245
97 102
97 728
98 998
98 607
98 424
99 7
99 478
99 84
99 232
100 558
100 595
100 369
101 860
101 263
101 785
102 751
102 190
103 236
103 187
103 347
103 904
103 999
103 128
104 392
104 915
104 421
104 66
104 946
104 96
105 864
105 151
105 397
105 42
106 739
106 755
106 271
106 281
107 486
107 664
107 827
107 739
109 727
109 51
109 485
109 980
110 767
110 771
110 323
110 898
111 308
111 500
111 948
112 555
112 337
112 594
113 899
113 946
113 720
113 932
113 678
113 245
113 746
113 889
114 285
114 213
114 956
114 821
114 580
115 743
115 565
115 482
115 574
115 616
116 87
116 276
116 235
116 320
116 538
116 928
116 616
117 585
118 966
118 179
118 961
119 755
119 517
119 878
120 605
120 95
120 215
120 531
121 863
122 728
122 196
122 304
122 724
122 323
123 571
123 609
123 733
123 204
123 482
124 893
124 515
124 833
124 635
126 897
126 732
126 692
126 785
126 556
126 175
126 39
126 638
127 447
127 937
127 335
127 352
128 882
128 574
128 429
128 411
128 867
128 573
129 712
129 594
129 570
129 480
129 150
129 465
130 966
130 855
130 379
130 832
131 271
131 600
132 281
133 63
133 846
133 451
134 538
134 668
134 833
134 64
134 622
134 86
134 554
135 226
135 209
135 300
136 137
136 15
136 42
136 378
136 609
137 160
137 211
137 968
137 570
137 124
137 750
137 781
137 462
137 876
138 606
138 701
138 748
138 683
138 760
139 804
139 404
139 381
139 610
139 179
140 193
140 618
140 433
141 670
141 262
141 168
141 879
141 573
141 967
141 290
142 795
142 920
142 701
142 518
142 319
142 952
143 951
143 543
143 416
143 858
144 291
144 914
144 900
145 8
145 401
145 132
146 758
146 174
146 922
147 248
147 185
148 971
148 85
148 424
150 949
150 256
150 582
150 87
150 777
150 715
150 708
150 407
151 446
151 993
151 536
151 483
151 781
151 305
152 181
152 334
152 819
153 126
153 421
153 695
153 835
154 349
154 576
154 519
154 336
155 278
155 780
156 105
156 265
156 529
156 498
156 130
156 673
157 895
157 858
157 576
157 207
157 882
158 858
158 242
158 609
159 468
159 682
159 63
159 835
159 11
159 39
160 471
160 332
160 23
160 330
160 954
160 304
161 299
161 918
161 772
161 635
161 406
162 639
162 764
162 298
162 778
162 504
163 791
163 411
163 858
163 712
163 125
163 376
163 608
164 499
164 387
164 960
165 768
165 411
165 725
165 629
165 984
165 792
166 997
167 291
167 591
167 385
168 264
168 688
168 585
168 542
168 14
169 459
169 92
169 972
169 466
170 677
170 380
170 437
170 141
170 784
171 648
171 653
171 566
172 460
172 296
172 612
173 20
173 375
173 639
173 463
173 580
173 760
173 501
174 251
175 937
175 399
175 820
175 677
175 60
175 970
175 915
175 675
175 415
175 34
176 89
176 723
177 132
177 647
177 309
177 862
177 851
177 325
178 679
178 376
178 512
178 581
179 545
179 206
179 784
179 968
179 116
179 874
180 297
180 787
180 680
180 772
180 679
180 830
181 490
182 186
182 706
182 789
183 945
183 961
183 97
183 726
183 215
184 498
184 287
184 783
185 481
185 233
185 688
185 798
186 390
187 787
187 412
187 776
187 914
188 270
189 794
190 613
191 563
191 469
191 690
191 638
192 488
192 972
192 710
192 633
192 216
192 713
193 50
193 519
193 539
194 176
194 990
194 695
194 963
194 599
195 823
195 568
195 935
195 156
196 796
196 925
196 947
196 931
196 809
198 568
198 315
199 260
199 669
199 544
199 123
201 599
201 760
201 469
201 317
201 375
201 540
201 136
202 956
202 51
202 564
202 209
202 15
204 67
204 279
204 454
204 657
206 420
206 241
207 161
207 180
207 47
207 929
208 2
208 342
208 606
209 42
209 7
209 873
209 447
209 501
210 77
210 570
210 561
210 566
210 234
210 5
211 185
211 875
211 60
212 143
212 33
212 583
213 897
213 162
213 730
213 463
213 358
213 534
214 311
214 211
215 905
215 335
216 788
216 194
216 99
216 840
216 697
217 260
217 584
217 387
217 335
217 499
218 484
218 876
218 322
218 59
218 171
218 634
218 187
218 308
219 342
219 319
219 550
219 818
220 400
220 323
220 253
221 622
221 815
221 822
221 453
221 65
222 48
222 173
222 138
222 452
222 470
222 226
224 378
224 855
224 860
225 124
225 604
225 852
225 231
225 211
225 210
225 221
225 858
226 732
226 85
226 523
226 137
226 778
226 90
226 217
227 38
227 590
227 866
227 940
227 337
227 775
228 726
228 662
228 709
228 883
228 215
228 716
228 677
229 868
229 532
229 943
230 28
230 7
230 421
230 430
231 95
231 100
231 88
231 884
231 329
232 94
232 64
232 17
232 843
232 20
232 479
233 292
233 366
234 40
234 670
234 664
234 879
234 269
235 385
236 657
236 373
237 814
237 665
237 268
237 596
237 409
238 888
238 269
238 253
239 742
239 912
240 290
240 562
240 792
240 758
240 663
240 653
240 206
241 791
242 334
242 928
242 385
243 303
244 774
245 467
245 500
245 1
245 484
245 143
246 158
246 908
247 402
247 161
248 106
248 390
249 537
249 572
249 549
250 346
250 818
250 531
251 102
252 149
253 731
254 963
254 372
254 673
254 11
254 991
254 208
255 120
255 368
255 583
255 302
255 889
255 28
255 15
255 806
257 60
257 77
258 350
258 290
258 5
258 165
260 533
260 73
261 358
261 455
261 908
261 828
261 153
261 9
261 201
261 596
262 768
262 36
262 706
262 14
262 771
262 940
262 527
263 775
263 954
263 648
263 707
263 54
264 26
264 373
264 515
264 591
264 35
265 183
265 349
265 998
265 973
265 956
265 45
266 779
266 872
266 394
266 167
267 908
267 761
267 886
268 956
268 760
268 860
268 496
268 583
268 641
268 773
269 983
270 147
270 634
270 538
270 995
270 668
270 502
270 240
271 851
271 997
272 208
272 846
272 759
272 492
272 468
273 51
273 732
274 257
274 893
274 531
275 444
275 857
275 761
275 710
276 333
277 85
277 349
277 754
277 89
277 564
278 681
278 376
278 326
278 800
279 350
279 303
279 562
279 863
279 441
280 118
280 368
280 673
280 764
280 917
281 699
282 290
282 624
282 73
282 909
283 841
283 132
283 731
283 341
283 772
284 224
284 96
284 640
284 656
285 842
285 352
285 596
285 477
285 732
285 871
285 250
285 421
285 442
285 966
286 564
286 33
286 994
286 224
286 317
286 753
286 449
287 346
287 773
287 307
287 932
287 917
288 345
289 782
289 46
289 987
290 385
290 475
290 800
290 768
290 406
291 288
292 644
292 600
292 299
292 443
293 683
293 209
293 134
293 611
294 41
294 173
294 795
295 449
295 690
295 973
295 617
295 217
296 929
296 549
296 545
297 323
297 309
297 281
298 873
298 483
298 719
298 392
300 504
300 778
300 718
300 930
300 459
300 457
301 264
301 124
301 290
302 260
302 639
302 154
302 193
302 832
303 517
303 102
304 623
304 386
304 325
304 292
305 995
305 416
305 805
305 637
305 901
305 593
306 95
306 948
306 467
306 263
307 316
307 416
307 837
307 356
307 413
307 349
308 248
308 325
308 747
308 145
308 849
308 874
308 402
308 933
310 462
310 980
310 994
311 856
311 474
311 539
311 359
312 590
312 97
312 993
313 88
313 571
314 845
314 880
314 934
315 587
315 682
315 889
316 244
316 576
317 696
317 64
317 980
318 683
318 104
318 973
318 696
318 414
318 202
318 886
318 753
319 151
319 704
320 582
320 943
321 34
321 371
321 274
321 689
322 499
322 838
322 502
323 181
323 582
324 535
324 424
324 817
324 191
325 108
325 644
326 863
327 924
328 354
328 951
328 555
328 124
328 940
328 400
328 338
329 614
329 931
329 977
329 648
329 724
331 857
331 504
331 770
331 626
331 719
331 988
331 268
332 326
332 132
332 751
332 635
333 330
333 780
333 651
333 614
334 647
334 664
334 471
335 797
335 472
335 49
335 560
335 328
336 356
336 560
336 594
336 801
336 820
336 668
337 925
337 238
337 333
337 19
338 177
338 658
339 99
339 682
339 810
340 450
340 658
342 832
342 129
342 826
342 151
342 808
343 726
343 595
343 822
343 859
343 538
344 265
344 41
344 39
344 654
344 620
346 781
346 609
346 861
346 727
347 301
347 523
347 313
347 883
348 789
348 679
348 417
348 271
349 322
350 390
350 292
350 679
351 700
351 474
351 704
351 565
351 941
351 750
352 564
352 911
352 387
352 399
352 157
353 116
353 128
353 868
353 335
353 158
353 412
353 539
354 680
354 79
354 326
355 228
355 754
355 485
356 370
356 276
356 158
356 634
357 851
357 435
358 130
358 748
358 610
358 678
359 616
359 769
359 662
359 38
359 493
360 440
361 648
361 853
361 792
361 177
362 303
363 556
363 318
363 39
363 179
364 612
364 515
364 197
365 629
365 23
365 419
365 827
366 755
366 390
366 56
367 982
367 880
367 189
367 149
368 823
368 409
368 966
368 143
368 963
368 760
369 288
369 401
369 271
369 644
370 582
370 771
370 902
370 407
370 787
370 65
371 525
371 462
371 426
371 560
371 485
371 227
371 882
371 704
372 218
372 945
372 894
372 726
372 211
372 735
372 313
373 190
373 827
373 793
373 367
374 917
374 250
374 617
374 383
375 27
376 731
376 408
376 248
376 32
376 345
376 515
377 179
377 638
377 495
378 354
378 700
378 111
378 387
379 711
379 244
379 33
379 603
380 589
380 278
380 163
381 317
381 449
381 873
381 550
382 9
382 606
383 392
383 120
383 342
383 753
384 433
384 270
384 578
385 341
385 19
385 849
385 417
385 515
385 830
386 181
386 520
386 32
387 676
387 49
387 171
388 75
389 14
389 182
389 405
389 88
389 296
389 931
391 66
391 34
391 310
391 477
392 852
392 313
392 137
392 951
392 776
393 406
393 919
394 264
394 715
394 586
394 796
394 155
394 708
395 901
395 861
395 753
396 504
397 797
397 76
397 650
397 282
397 305
397 485
398 383
398 678
398 932
398 55
398 626
399 906
399 343
399 95
399 905
400 334
400 644
403 112
403 260
403 483
403 756
404 814
404 563
405 314
405 189
405 369
405 489
406 950
406 790
406 177
406 549
406 520
407 664
407 772
407 61
407 72
409 773
409 956
410 1
410 937
410 604
410 115
410 266
410 609
410 784
410 883
411 341
411 913
411 644
412 815
412 833
412 707
412 585
412 684
413 86
413 68
413 474
413 112
413 204
413 59
414 277
414 305
414 782
414 720
414 666
415 668
415 516
415 898
415 941
415 229
415 412
415 906
416 545
416 60
416 648
416 977
416 100
416 376
416 117
417 443
417 747
417 629
418 121
419 664
419 251
419 121
419 520
419 667
420 373
420 350
420 253
421 531
421 150
421 519
421 539
421 283
421 116
423 221
423 951
423 4
423 676
423 416
423 750
423 1
424 209
424 952
424 127
424 920
425 17
425 844
425 656
425 85
425 45
425 961
425 921
425 20
426 733
426 856
426 129
426 565
427 619
427 899
427 689
427 760
427 175
427 15
428 865
428 932
428 762
428 409
428 176
428 105
429 144
429 743
429 526
429 902
429 269
430 774
430 627
431 625
431 139
431 846
431 99
432 358
432 295
432 682
432 615
432 318
432 62
433 312
433 733
433 128
434 220
434 236
434 116
436 888
437 115
437 608
437 262
437 29
438 105
438 803
438 382
439 941
439 570
439 481
439 393
439 601
441 435
441 600
441 288
442 64
442 467
442 38
442 752
442 980
444 428
444 478
444 567
445 32
445 297
445 667
445 364
446 666
446 240
446 876
446 578
446 54
446 77
446 389
447 741
447 426
447 818
447 116
447 837
447 641
447 550
447 128
448 822
448 486
448 516
449 38
449 85
450 460
450 717
450 537
450 177
450 422
450 509
451 268
451 961
451 463
451 640
451 468
452 302
452 359
453 974
453 586
453 985
453 276
453 117
453 591
453 767
454 940
454 80
454 174
454 419
454 79
454 369
454 182
455 941
455 480
455 531
455 519
456 758
456 767
456 898
456 223
456 707
457 956
457 347
457 142
457 639
457 212
457 716
457 217
458 936
458 897
458 996
458 654
459 48
459 2
459 415
459 34
460 592
460 303
460 132
460 827
460 958
461 168
461 919
461 87
461 989
461 954
461 791
461 779
462 907
462 874
462 995
462 561
462 376
462 182
463 999
463 381
463 383
463 175
464 757
464 791
464 172
464 736
464 676
465 875
465 668
465 405
465 182
465 885
466 966
466 42
466 915
466 468
466 756
466 384
466 265
467 351
467 313
468 50
468 319
468 246
468 514
468 391
469 703
469 946
469 353
469 51
469 732
470 151
470 961
470 783
471 341
471 979
471 309
471 983
472 256
472 364
473 448
473 882
473 805
474 247
474 532
474 174
474 942
475 345
475 736
475 647
475 26
476 849
476 373
476 338
476 400
476 89
476 813
476 635
477 151
477 410
477 769
477 973
477 540
478 466
478 96
478 504
479 916
479 960
479 970
480 715
480 19
480 412
480 512
480 61
481 717
481 291
481 909
481 408
482 555
482 630
482 405
482 642
482 691
483 553
483 584
483 415
483 960
484 777
484 243
485 648
485 951
485 519
485 624
485 867
486 304
487 138
487 162
487 810
487 694
487 99
487 695
488 952
488 375
488 804
488 430
488 689
489 958
489 739
489 849
491 437
491 423
492 378
492 228
492 678
492 704
492 554
493 328
493 569
493 574
494 265
494 596
494 871
495 321
495 10
495 932
495 455
496 90
496 673
496 307
496 720
497 89
497 258
497 668
497 927
497 967
498 618
498 953
498 403
499 867
499 146
500 313
500 412
500 163
501 993
501 896
501 439
501 603
501 410
501 698
502 691
502 648
502 914
502 122
503 384
503 307
503 710
503 735
504 317
504 134
504 395
505 730
505 596
505 103
505 294
506 918
507 949
507 631
507 715
508 244
508 143
508 808
508 371
508 501
509 436
509 862
509 367
510 950
510 509
510 106
510 259
511 958
512 243
512 849
512 789
513 833
513 407
513 354
513 900
514 762
514 619
514 464
514 380
514 734
514 754
515 880
515 685
515 390
516 902
516 579
518 669
518 937
518 227
518 769
518 733
518 37
519 506
519 862
519 958
519 197
519 332
519 629
519 360
520 145
520 131
520 309
520 747
521 652
521 596
521 496
521 136
521 319
521 816
522 693
522 610
523 482
523 365
523 584
523 225
523 578
524 380
524 784
524 578
524 900
524 394
524 229
524 561
525 97
525 112
525 822
525 185
525 781
526 724
526 892
526 400
526 323
526 422
527 685
527 981
527 67
528 550
528 260
528 971
528 737
529 528
529 911
529 855
529 674
529 564
529 814
530 784
530 394
530 241
530 475
531 766
531 370
531 111
531 361
531 546
532 962
532 393
532 933
532 977
532 370
532 585
533 510
533 706
533 512
533 841
533 65
533 715
534 870
534 896
534 88
534 649
535 298
535 745
536 948
536 507
536 981
536 712
536 668
537 292
537 327
537 8
537 314
537 26
537 621
537 367
538 602
538 234
538 909
538 304
539 542
539 630
539 585
539 875
540 741
540 957
540 112
540 867
541 451
541 70
541 208
541 953
541 44
541 162
542 122
542 3
542 407
542 798
543 399
543 4
543 554
544 100
544 767
544 257
545 670
545 167
545 981
545 239
545 419
546 181
546 407
546 579
546 984
547 390
547 401
547 983
548 863
549 679
549 827
550 460
550 516
550 122
550 858
550 551
550 872
551 892
551 967
551 981
552 756
552 854
552 201
552 139
553 542
553 712
553 419
553 898
554 942
554 167
554 906
554 941
554 110
554 993
555 670
555 717
555 516
556 103
556 817
556 965
556 193
557 673
557 11
557 139
557 375
557 184
557 135
558 290
558 182
558 235
558 332
559 277
559 674
559 287
559 459
559 10
559 466
559 890
560 616
560 482
560 182
560 532
560 276
560 858
560 60
561 989
561 247
561 787
562 997
563 701
563 355
563 860
564 150
564 589
564 225
564 336
565 866
565 465
565 691
565 308
565 54
565 453
565 538
565 147
566 579
566 624
566 256
566 649
566 338
566 809
567 986
567 835
567 987
567 689
567 11
567 139
567 126
567 324
568 953
568 222
568 363
568 944
568 788
569 805
569 389
569 124
569 100
569 354
569 163
570 573
570 516
570 981
570 866
570 502
571 461
571 594
572 878
572 362
572 862
573 23
573 649
574 712
574 593
574 507
574 906
575 170
575 588
575 627
575 110
575 566
576 448
576 14
576 566
576 852
576 54
577 749
577 828
577 936
577 597
577 470
577 21
578 856
578 117
579 929
579 777
580 625
580 127
580 976
580 442
580 504
582 672
582 366
582 629
582 43
583 90
583 634
583 727
583 1
584 895
584 60
584 454
584 67
585 663
586 526
586 454
586 829
586 717
587 606
587 213
587 452
587 477
587 908
588 464
588 453
588 872
588 885
588 538
588 962
588 573
589 330
589 962
589 630
589 967
589 23
589 616
589 866
590 465
590 502
590 147
591 303
593 122
593 872
593 790
593 338
593 708
594 453
594 239
594 53
594 388
594 23
594 649
595 393
595 954
595 943
595 122
596 875
596 766
596 870
596 141
596 283
597 926
597 139
598 363
598 1000
598 824
598 936
598 92
599 421
599 42
599 576
599 415
600 755
601 942
601 480
601 555
602 80
602 419
603 454
603 405
603 648
603 657
603 579
604 608
604 5
604 822
604 296
605 370
605 885
605 894
605 743
605 608
606 899
606 424
606 930
606 130
606 298
606 414
607 346
607 64
607 920
608 65
608 367
608 107
609 328
610 565
610 574
610 282
610 387
611 37
611 69
611 244
611 709
612 878
612 253
612 186
612 958
612 166
614 647
614 303
614 547
615 148
615 718
615 24
615 990
616 247
616 407
616 369
616 147
616 411
617 802
617 843
617 921
617 164
617 877
618 477
618 899
618 463
619 847
619 83
619 720
619 627
619 476
619 656
620 903
620 317
620 639
620 524
621 119
621 40
621 362
622 288
622 385
622 207
622 928
623 341
623 520
623 203
623 435
623 793
624 888
624 792
624 200
624 203
625 307
625 553
625 607
625 540
625 678
626 817
626 89
626 483
626 410
626 690
627 178
627 769
627 573
627 88
627 97
628 126
628 31
628 127
628 811
629 751
629 731
630 879
630 621
630 334
630 393
630 441
631 405
631 763
631 242
631 646
631 79
631 441
631 914
631 278
633 645
633 496
633 409
633 162
634 561
634 954
634 80
634 279
636 22
636 140
636 748
636 987
636 286
636 682
637 750
637 891
637 866
637 204
637 30
637 885
637 942
637 968
638 611
638 564
638 917
638 83
639 4
639 352
639 536
639 861
640 439
640 650
640 821
640 395
640 620
640 987
641 388
641 326
641 243
642 747
642 364
642 680
643 990
643 289
643 693
643 824
643 660
645 495
645 375
645 463
645 703
646 663
646 166
646 333
646 581
647 121
648 332
648 809
648 800
648 269
648 242
649 688
649 989
649 507
650 745
650 467
650 497
650 354
651 572
651 327
651 510
651 8
651 443
652 607
652 413
652 575
653 591
653 471
653 288
653 223
654 521
654 179
654 438
655 256
655 239
655 800
655 657
656 769
656 911
656 485
656 607
656 270
656 837
657 251
657 815
657 547
658 200
659 759
659 458
659 444
659 268
659 99
659 58
659 22
659 63
659 294
660 603
660 641
660 504
660 96
661 41
661 372
661 82
661 324
662 480
662 838
662 361
662 465
663 511
663 789
663 853
663 515
663 161
664 751
665 363
665 463
665 496
665 273
665 795
665 661
666 519
666 122
666 838
667 233
667 511
668 591
668 582
668 490
668 827
668 815
669 354
669 389
669 380
669 843
669 584
669 78
669 677
669 462
670 679
670 119
670 443
670 790
670 658
671 695
671 378
671 20
671 285
672 440
673 464
673 838
673 883
673 25
673 499
673 523
673 906
673 551
673 97
673 637
674 20
674 381
674 930
674 212
674 723
675 736
675 995
675 456
675 405
675 968
676 234
676 919
676 370
676 907
676 279
676 612
676 75
677 236
677 187
677 752
677 165
678 187
678 590
678 525
678 64
678 49
678 565
678 116
678 129
679 845
679 632
680 422
681 614
681 977
681 297
682 540
682 620
683 193
683 955
683 157
683 704
684 186
684 600
685 8
686 711
686 289
686 410
686 996
687 535
687 1000
687 63
687 504
688 853
688 642
689 404
689 782
689 277
689 737
689 674
690 112
690 134
690 380
690 861
690 461
690 726
690 553
690 904
690 361
691 740
691 155
691 947
692 12
692 217
692 1000
692 347
693 710
693 409
693 62
693 821
694 392
694 556
694 66
695 310
695 785
695 936
695 414
695 855
695 476
695 719
695 191
696 965
696 319
696 955
696 89
697 15
697 760
697 246
697 191
698 116
698 480
698 871
698 217
698 565
698 627
699 43
700 87
700 780
700 74
700 122
700 418
700 549
700 799
701 158
701 678
701 540
701 754
701 123
702 444
702 363
702 216
702 81
703 826
703 589
703 903
704 834
704 527
704 896
704 502
704 801
704 895
704 907
705 713
705 398
705 986
706 928
706 303
706 878
707 667
707 912
707 145
708 680
708 243
708 667
708 924
708 763
709 236
709 627
709 634
710 748
710 143
710 217
710 403
710 33
711 50
711 662
711 969
711 111
712 706
712 651
712 450
712 247
713 645
713 854
713 998
714 978
714 377
715 600
716 484
716 305
717 934
717 982
717 489
717 152
718 37
718 394
718 270
718 544
718 876
719 430
719 109
719 175
719 806
719 217
720 37
720 593
720 884
721 219
721 543
721 945
722 898
722 207
723 965
723 741
724 251
724 667
724 248
725 253
725 979
726 608
726 624
726 340
726 649
727 89
727 896
727 116
727 312
727 305
727 141
727 446
728 420
728 366
728 934
729 458
729 377
730 563
730 638
730 808
730 650
732 808
732 29
732 907
732 214
732 968
733 86
733 225
733 25
734 270
734 650
734 306
735 365
735 351
735 871
735 513
736 402
736 326
736 949
736 189
736 460
737 38
737 129
737 603
738 992
738 372
738 580
740 794
741 904
741 588
741 773
741 605
742 506
742 332
742 796
742 984
742 385
742 512
742 985
742 827
743 691
743 912
744 759
744 44
744 831
744 198
745 584
745 543
745 637
745 100
745 605
746 479
746 387
746 543
746 865
746 214
746 263
747 40
748 395
748 734
748 860
748 911
748 199
749 2
749 850
749 113
749 587
749 615
749 48
750 929
750 178
750 59
750 79
752 775
752 239
752 595
752 799
752 80
752 264
752 608
752 269
753 746
753 371
754 320
754 499
754 901
754 258
755 997
755 93
755 983
755 440
756 89
756 215
756 683
756 534
756 479
757 929
757 822
757 967
757 165
757 542
757 147
758 149
758 56
758 32
759 17
759 817
759 580
759 782
759 897
759 85
760 474
760 115
760 244
760 97
760 146
760 500
761 778
761 33
761 20
761 449
762 745
763 912
763 233
764 626
764 427
764 770
764 529
764 293
764 96
765 791
765 800
766 586
766 668
766 388
766 278
767 879
767 585
767 892
767 450
768 450
768 933
768 672
769 544
769 165
769 519
769 465
770 524
770 217
770 127
770 89
771 862
771 947
771 728
772 794
773 312
773 60
773 38
773 543
774 57
774 353
774 4
775 708
775 772
775 724
775 367
776 325
776 680
776 239
776 241
777 420
777 602
777 680
777 724
777 815
777 798
778 384
778 66
778 193
778 720
778 904
778 164
778 352
779 663
779 304
779 792
779 411
779 798
780 435
780 632
780 592
780 862
781 533
781 885
781 545
782 415
782 204
782 473
782 29
783 901
783 91
783 37
783 426
783 843
784 765
784 165
784 589
784 743
785 945
785 620
786 462
786 109
786 607
786 626
786 384
786 746
787 197
787 304
787 253
788 559
788 654
788 618
788 403
789 121
789 517
789 862
789 203
790 793
790 362
790 200
791 189
791 40
791 851
791 725
791 440
792 985
795 391
795 20
795 336
796 950
796 248
796 330
797 637
797 967
797 833
797 566
799 707
799 189
799 614
800 367
800 107
800 621
801 174
801 707
801 532
802 45
802 852
802 335
803 12
803 2
803 764
803 104
804 886
804 564
804 605
804 721
804 873
804 656
805 258
805 571
805 700
805 249
805 895
806 652
806 46
806 971
806 12
807 710
807 964
807 194
808 76
808 472
808 270
808 157
809 815
809 950
810 284
810 300
811 263
811 855
811 916
811 378
812 173
812 284
812 988
813 271
813 471
813 13
813 189
814 607
814 497
814 308
814 773
814 530
814 611
815 739
815 537
816 560
816 973
816 583
817 776
817 662
817 296
817 872
818 263
818 569
818 437
818 838
818 64
818 523
819 918
819 252
819 281
819 303
820 852
820 484
821 319
821 273
821 806
821 469
821 414
821 410
822 326
823 482
823 518
823 783
823 766
823 637
824 761
824 230
824 714
824 101
824 286
824 828
824 397
824 142
825 828
825 710
825 760
825 961
825 48
825 398
826 33
826 343
826 485
826 941
826 346
827 357
827 699
827 644
828 176
828 84
828 375
828 886
828 293
829 106
829 345
829 364
830 651
830 537
831 466
831 250
831 397
831 785
831 814
831 811
831 293
832 479
832 877
832 442
832 307
833 14
833 800
833 67
833 943
833 929
834 77
834 110
834 779
834 329
834 297
834 456
834 79
835 1000
835 529
836 721
836 737
836 986
836 894
836 2
836 179
837 530
837 467
837 662
837 901
838 69
838 533
838 546
839 804
839 803
839 719
839 812
839 156
840 28
840 835
840 466
840 41
840 996
841 40
842 346
842 474
842 491
843 322
843 111
843 59
844 684
844 61
844 131
844 323
844 943
845 958
845 794
846 101
846 998
846 237
846 6
847 551
847 143
847 86
847 735
847 439
847 103
848 661
848 682
848 451
848 795
848 245
848 377
848 645
849 299
850 374
850 395
850 599
851 863
851 979
852 655
852 539
852 834
853 813
853 253
853 830
853 334
853 819
854 55
854 587
854 761
855 783
855 355
855 970
855 773
855 157
855 154
856 373
856 790
856 65
856 489
857 84
857 640
857 409
858 585
858 681
858 167
858 809
858 279
858 32
859 570
859 891
859 240
859 75
859 204
859 662
859 64
859 907
860 474
860 266
860 864
860 25
860 920
860 134
861 907
861 266
861 893
861 820
861 601
861 905
862 983
864 178
864 766
864 91
864 883
864 262
864 904
864 150
865 595
865 662
865 388
865 211
865 210
865 73
866 443
866 56
866 93
866 880
867 100
867 301
867 900
867 631
867 668
867 75
868 736
869 409
869 559
869 814
869 451
870 121
870 822
870 288
871 221
871 60
872 742
872 653
873 589
873 677
873 45
873 306
873 709
873 818
874 252
874 934
874 658
875 900
875 256
875 329
875 740
875 989
876 775
876 884
876 165
876 595
876 631
877 110
877 60
877 578
877 895
877 519
878 851
879 728
879 408
879 181
879 418
879 798
880 548
880 200
881 696
881 987
881 496
881 105
881 639
882 171
882 174
882 456
883 967
883 182
883 441
883 87
883 715
883 931
883 799
884 73
885 591
885 630
885 152
885 323
886 94
886 930
886 894
887 119
887 160
887 725
887 927
887 72
887 338
887 337
888 548
888 924
889 464
889 971
890 126
890 492
890 508
891 320
891 206
891 707
891 507
892 314
892 203
893 792
893 912
893 827
893 982
894 240
894 805
895 974
895 898
896 767
896 766
896 411
896 578
896 146
896 601
897 485
897 844
897 741
897 551
897 802
897 359
897 808
897 384
898 684
898 725
898 591
898 624
898 742
898 376
898 562
898 107
899 54
899 25
899 4
900 486
900 670
900 579
901 328
901 875
901 361
902 125
902 549
902 239
902 653
903 716
904 680
904 163
904 160
904 724
904 668
905 993
905 882
905 868
905 578
906 13
906 332
907 928
907 833
907 419
908 137
908 346
908 525
908 210
909 341
909 121
909 166
909 32
909 845
910 636
910 992
910 24
911 519
911 354
911 980
911 531
912 121
912 271
913 888
913 592
913 303
914 777
914 591
914 235
915 340
915 601
915 530
915 538
916 570
916 491
916 312
916 530
916 158
917 212
917 349
918 983
919 186
919 629
920 316
920 551
920 336
921 491
921 144
921 726
921 784
922 124
922 450
922 868
922 87
922 604
922 54
923 687
923 557
923 881
926 689
926 978
927 67
927 520
927 562
927 667
928 509
929 853
929 177
930 903
930 971
930 134
930 154
930 16
931 408
931 874
931 997
931 443
931 685
931 572
932 502
932 336
932 877
932 59
933 253
933 798
934 345
934 644
935 82
935 824
935 597
935 478
935 697
936 730
936 837
937 29
937 634
937 500
937 282
938 682
938 398
938 991
938 528
938 126
938 289
939 302
939 521
939 855
939 821
939 173
939 953
939 135
940 919
940 800
940 849
941 340
941 967
941 891
941 974
941 900
941 54
942 78
942 775
942 429
943 281
943 708
944 652
944 399
944 554
944 150
945 655
945 76
945 634
945 351
945 53
945 322
945 781
946 442
946 137
946 554
946 662
946 170
947 506
947 108
947 309
947 667
947 982
948 954
948 207
949 925
949 724
949 787
949 223
950 547
951 546
951 461
951 239
951 757
951 369
952 183
952 232
952 90
952 83
952 994
953 404
953 690
953 212
953 384
953 703
953 274
953 34
954 780
954 74
954 547
954 248
955 960
956 306
956 485
956 353
956 588
956 365
956 899
956 68
956 550
957 733
957 354
957 524
958 190
959 315
960 146
960 244
961 732
961 379
961 37
961 861
962 546
962 740
962 445
962 418
963 721
963 650
963 46
964 850
964 557
964 821
965 669
965 137
965 808
965 479
965 735
965 617
965 820
965 307
965 355
965 218
966 434
966 524
966 86
966 617
967 152
967 763
967 385
967 435
968 235
968 668
968 691
969 675
969 141
970 68
970 856
971 103
971 832
971 965
971 343
971 945
972 1000
972 661
972 671
972 382
972 114
972 58
973 109
973 134
974 357
974 256
974 108
975 41
975 315
975 823
976 588
976 864
976 491
976 49
976 838
977 512
977 927
977 602
977 612
977 717
978 508
978 518
978 683
978 720
978 45
978 104
978 998
980 733
980 204
980 322
981 65
981 402
981 954
981 725
981 657
982 197
984 440
985 632
985 233
985 106
986 286
986 497
986 610
987 50
987 307
987 273
987 701
987 430
987 469
987 306
988 710
988 58
988 63
989 792
989 65
989 406
989 758
989 189
990 27
990 105
990 535
990 811
991 209
991 903
991 990
991 134
991 452
991 720
992 382
992 557
992 857
992 101
993 13
993 879
993 870
993 791
993 526
993 87
994 523
994 249
994 690
994 500
994 30
995 789
995 791
995 417
995 332
995 680
996 580
996 583
996 994
996 650
996 27
998 199
998 361
999 89
999 1
999 150
999 171
999 891
999 601
999 906
1000 199
1000 51
1000 877
1000 410
