4037
1 833
1 55
1 98
1 734
2 286
2 221
2 276
2 554
2 527
3 185
3 788
3 783
3 498
3 98
3 833
3 219
3 85
3 675
3 911
4 310
4 697
4 251
4 211
4 460
5 190
5 585
5 886
5 634
5 731
5 699
6 344
6 403
6 864
7 135
7 101
7 982
7 860
7 879
8 814
8 361
8 37
8 170
8 56
8 394
9 849
9 470
10 867
10 520
10 431
11 145
11 795
11 824
11 428
11 836
12 132
12 320
12 532
12 841
12 565
12 947
13 459
13 25
13 202
13 239
13 763
13 176
13 521
13 984
13 363
13 114
14 63
14 40
14 151
14 957
14 33
15 104
15 226
15 910
16 30
16 692
16 838
17 199
17 359
17 756
17 947
18 105
18 154
18 633
18 426
18 569
19 259
19 429
19 893
19 418
19 550
20 152
20 764
20 190
20 817
21 888
21 808
21 832
21 737
21 651
21 879
22 121
22 139
23 681
23 370
23 786
24 925
25 765
25 163
25 599
25 467
25 891
25 975
25 570
25 969
26 441
26 513
26 307
26 799
26 692
27 175
27 240
27 294
27 72
27 855
27 934
27 981
27 616
27 818
28 796
28 682
28 1000
29 427
29 465
30 982
30 366
30 381
30 889
30 848
30 378
30 648
31 753
31 995
31 980
32 444
32 114
32 424
32 817
33 73
33 863
34 222
35 900
35 518
35 134
35 826
35 398
35 447
35 780
35 279
36 1000
36 996
36 317
36 661
37 529
37 329
37 598
37 64
38 243
38 541
38 269
38 2
38 453
39 434
39 649
39 659
39 368
39 321
41 206
41 993
41 678
41 597
42 569
42 888
42 495
42 334
43 764
43 175
43 828
43 690
43 251
43 755
43 539
43 918
44 118
44 730
44 308
44 300
44 543
44 740
44 441
45 506
45 858
45 655
45 741
45 737
46 476
46 637
46 341
46 334
46 818
46 444
46 904
46 80
48 690
48 820
48 498
48 774
48 84
48 796
48 591
48 871
48 103
49 725
49 437
49 548
49 475
49 23
50 61
50 363
50 998
50 140
50 878
50 206
50 346
51 360
51 727
52 885
52 454
52 995
52 868
52 323
53 304
53 249
53 212
53 553
54 959
54 315
54 40
54 50
55 456
55 730
55 159
55 233
56 329
56 485
57 47
58 104
58 943
58 670
59 531
59 235
59 664
59 944
60 162
60 504
60 562
61 284
61 623
61 746
61 306
62 148
62 617
62 874
62 173
63 564
63 520
63 589
63 467
63 121
64 815
64 772
64 978
65 235
65 202
65 187
65 431
66 567
66 604
66 323
67 791
68 118
68 367
69 295
70 644
70 563
70 38
70 294
71 390
71 840
71 703
71 701
71 670
71 464
71 113
71 161
72 899
73 754
73 344
74 21
74 669
74 596
74 500
74 100
74 354
75 599
75 130
75 512
75 263
75 134
75 902
76 940
76 674
76 692
76 72
76 268
77 653
77 119
77 71
77 236
77 40
77 509
78 972
78 526
78 180
78 800
78 539
78 91
78 370
78 932
78 192
79 533
79 51
79 57
79 110
79 577
79 138
79 791
80 599
80 549
80 619
80 814
81 229
81 452
82 89
82 524
82 465
82 701
82 47
83 583
83 345
83 628
83 373
83 105
83 801
83 338
84 946
84 928
84 391
84 646
85 738
85 325
85 118
85 634
86 815
87 917
87 232
88 913
88 540
88 11
88 196
88 490
89 915
89 791
90 929
90 444
90 457
91 186
91 681
91 759
91 893
91 231
91 286
93 37
93 600
93 468
93 25
93 520
93 86
94 345
94 848
94 747
94 952
94 893
94 817
94 966
95 140
95 379
95 493
96 137
96 775
96 225
97 242
97 21
97 862
97 333
98 810
98 462
98 590
98 717
98 926
98 536
98 469
99 256
99 7
99 994
100 357
101 255
101 524
102 552
102 518
102 101
102 176
102 187
102 558
103 425
103 717
103 195
103 554
103 659
104 677
104 14
104 883
104 994
104 420
104 265
105 359
105 673
105 811
105 237
105 446
106 7
106 611
106 712
106 650
107 909
107 415
108 168
108 804
108 935
108 169
108 335
108 798
108 866
109 625
109 359
109 345
109 50
110 522
110 944
111 218
111 491
111 779
111 847
111 658
111 846
111 871
111 32
112 639
112 97
112 631
112 813
112 54
113 285
114 203
114 891
114 284
115 643
115 38
115 847
115 39
115 391
115 725
115 175
116 280
116 354
116 902
117 481
117 188
118 192
118 886
118 189
118 424
118 242
118 818
118 457
118 817
119 165
119 200
119 376
119 184
119 994
120 696
120 107
120 510
120 944
120 248
121 776
121 555
121 352
121 937
122 942
122 274
123 262
123 211
123 220
123 836
124 321
124 541
124 553
124 268
125 617
125 590
125 383
125 850
125 212
125 146
126 117
126 933
126 681
126 355
127 366
127 217
127 393
127 109
127 970
128 75
128 829
128 435
128 92
129 465
129 584
129 386
129 454
129 780
129 464
129 332
129 987
130 77
131 615
131 98
132 984
132 461
132 459
132 832
132 492
132 761
132 291
133 349
133 245
133 9
134 485
134 626
134 509
134 976
135 452
135 303
135 261
135 521
135 571
135 975
136 368
136 338
136 638
136 705
136 175
136 102
136 109
137 292
137 473
137 949
138 404
140 487
140 413
140 454
140 777
140 976
140 302
141 97
141 694
141 268
141 277
141 221
141 757
141 233
142 419
142 384
142 934
142 855
142 328
142 257
142 718
142 102
143 688
143 776
143 793
144 383
144 422
144 530
144 450
144 824
144 725
145 838
145 437
145 712
145 162
146 893
146 639
146 803
146 342
147 109
147 400
147 112
147 304
147 884
147 186
148 769
148 94
148 257
149 276
149 926
149 846
149 718
150 654
150 11
150 20
151 863
151 523
151 278
152 751
152 642
152 494
152 54
153 530
153 543
153 450
153 185
153 511
153 609
153 339
154 991
154 187
154 905
155 248
156 5
156 162
156 644
156 16
157 875
157 696
157 427
158 957
158 533
158 521
158 374
158 732
159 97
159 192
159 393
159 983
159 866
160 529
160 589
160 985
160 261
160 863
161 235
161 340
161 421
161 853
162 164
162 457
162 434
162 933
162 585
163 831
163 557
163 470
164 699
164 105
164 414
164 358
164 948
164 947
165 303
165 120
165 346
165 122
165 727
166 948
166 328
166 342
166 634
166 573
166 189
168 445
168 687
168 550
168 832
169 13
169 616
169 97
169 366
169 620
169 565
170 35
170 323
171 939
171 108
172 571
172 748
172 29
172 301
172 206
173 929
173 884
173 817
173 695
173 880
173 785
174 531
175 611
175 612
175 221
175 243
175 378
175 984
176 466
176 479
176 900
176 309
178 92
178 235
178 845
178 635
178 89
178 443
178 331
179 226
179 474
179 823
179 559
179 372
179 215
180 221
180 876
181 979
181 773
181 350
181 567
181 464
182 413
182 449
182 689
183 876
183 939
183 627
183 700
184 210
184 302
184 976
185 528
185 697
185 934
185 70
186 628
186 65
186 445
186 760
187 315
187 776
187 522
188 719
188 353
188 819
188 753
188 829
188 395
188 114
189 215
189 898
189 515
189 201
189 552
190 335
190 798
190 838
190 389
190 948
191 627
192 659
192 633
192 117
192 333
193 856
193 28
193 802
193 778
194 55
194 999
194 637
194 859
194 638
194 810
194 820
195 785
195 446
195 311
195 517
195 611
195 596
195 575
195 723
195 558
196 115
196 923
196 297
196 384
196 477
196 124
196 717
197 32
197 844
197 779
197 326
197 738
198 336
198 700
198 948
199 323
199 594
199 165
199 215
200 47
200 892
200 9
201 900
201 790
201 357
201 293
201 572
201 332
202 324
204 1000
204 629
204 725
204 152
205 457
205 419
205 30
205 699
206 174
206 137
206 92
206 510
207 314
207 404
207 167
208 317
208 873
208 68
208 253
209 8
209 240
209 745
211 173
211 945
211 667
211 675
211 97
211 970
212 695
212 526
212 367
212 923
212 351
212 971
212 87
213 409
213 221
213 277
213 491
213 871
213 507
213 526
213 639
214 710
214 543
214 28
214 711
214 833
215 59
215 878
215 589
216 352
216 250
216 315
217 158
217 355
217 882
217 813
217 917
218 786
218 282
218 778
218 152
219 338
219 341
219 147
219 118
219 730
220 602
220 381
220 680
220 471
221 880
221 472
221 345
221 983
221 759
221 430
221 947
222 360
222 791
223 175
223 98
223 591
223 740
224 610
224 626
224 623
226 96
226 439
227 340
227 509
227 707
227 808
227 773
227 138
228 38
228 308
228 563
228 590
230 369
230 100
230 239
230 172
230 581
230 160
230 215
230 840
231 97
231 582
232 852
232 895
232 61
232 86
233 484
233 741
233 613
233 58
233 651
234 408
234 172
234 323
234 179
234 903
235 64
235 413
235 487
236 34
236 930
236 522
237 960
237 706
237 917
237 114
238 430
238 894
238 939
238 186
239 955
239 333
239 350
239 438
239 382
240 481
240 549
240 657
241 268
241 345
241 361
241 960
241 234
241 657
241 922
242 334
242 430
242 466
242 154
242 858
243 264
243 868
243 631
243 515
244 946
244 146
244 795
244 734
244 53
244 788
244 102
245 82
245 203
246 213
246 711
246 185
246 343
247 150
247 251
247 996
247 603
247 148
247 185
247 317
247 851
248 689
248 415
249 818
249 880
249 451
249 663
250 552
250 263
250 113
250 265
250 137
251 827
251 308
251 999
252 874
252 416
252 456
253 675
253 825
253 784
253 646
253 384
253 90
254 750
254 828
254 999
254 460
254 740
254 124
254 171
255 301
255 716
255 61
255 748
255 592
255 67
256 63
256 549
256 762
256 376
257 886
257 507
257 504
257 358
257 52
258 965
258 951
258 615
258 166
259 985
259 350
259 485
259 81
259 263
260 878
260 724
260 499
260 979
261 898
261 474
261 285
262 15
262 569
262 747
262 45
262 135
262 479
263 420
263 570
263 463
264 179
264 733
264 908
264 481
264 353
264 506
264 955
265 977
265 133
266 666
266 931
266 999
266 755
267 69
267 236
267 61
267 110
268 816
268 7
268 432
268 476
268 458
269 918
269 770
269 669
270 391
270 576
270 124
270 209
271 213
271 940
271 854
271 251
271 273
271 504
271 717
271 912
272 51
272 555
272 592
273 941
273 684
273 911
273 115
274 925
274 470
274 344
275 747
275 612
275 781
276 370
276 410
276 437
276 613
277 983
277 604
277 45
278 229
279 640
279 626
279 937
279 510
280 688
281 477
281 26
281 872
281 534
281 1000
282 330
282 627
282 620
282 899
283 314
283 909
284 849
286 442
287 448
287 699
287 41
287 674
287 622
287 655
289 945
289 361
289 912
289 743
289 430
290 830
290 102
290 146
290 358
291 754
291 853
293 229
293 689
294 705
294 154
294 694
294 361
294 669
295 161
295 438
295 587
295 574
295 961
295 842
296 955
296 119
296 907
296 943
296 758
296 568
296 295
297 380
297 375
297 803
297 593
298 892
298 163
298 976
299 911
299 448
300 337
300 859
300 391
300 827
300 855
301 739
301 178
301 34
301 701
301 57
301 138
303 302
304 418
304 714
304 458
304 813
305 869
305 1000
305 27
305 827
305 208
307 730
307 419
307 108
307 876
308 393
308 818
308 277
308 83
308 361
308 52
309 207
309 773
309 610
309 174
309 340
310 419
310 287
310 972
310 241
310 897
311 556
311 980
311 747
312 247
312 913
313 626
313 449
314 210
315 599
315 452
315 51
316 577
316 773
317 847
317 923
317 275
317 674
317 865
317 718
317 164
317 97
318 576
318 319
318 682
319 437
319 654
319 769
319 152
319 874
320 889
320 980
320 461
321 230
321 532
321 890
322 287
322 805
322 519
322 112
323 301
323 707
323 794
323 120
323 564
324 509
324 263
324 956
324 471
324 51
324 284
324 943
325 74
325 336
325 109
325 269
325 311
326 275
326 699
326 695
326 19
326 938
327 142
327 27
327 851
327 319
327 212
328 87
328 929
328 286
328 320
328 893
329 344
330 389
330 958
330 938
332 427
332 531
332 510
333 14
333 443
333 680
333 599
333 408
333 452
333 79
334 259
334 291
334 705
334 445
334 187
335 429
335 897
335 991
335 444
335 636
335 705
336 448
336 613
336 861
337 74
337 341
337 515
337 972
337 425
338 604
338 188
338 234
339 538
339 294
339 191
341 974
341 154
341 997
342 220
342 717
342 983
342 926
342 508
342 614
343 838
343 106
343 85
343 503
343 697
345 10
345 980
345 760
345 461
345 492
345 414
345 579
345 65
346 985
346 283
347 807
347 133
347 285
347 306
347 746
348 343
348 536
348 289
348 156
348 538
349 754
349 978
350 574
350 652
351 939
351 639
351 786
351 209
351 730
351 933
351 286
351 117
352 570
352 676
352 942
352 292
353 959
353 364
353 176
354 34
354 309
354 390
354 910
354 950
354 279
354 671
354 987
354 775
355 565
355 801
355 95
356 957
356 564
356 73
356 729
356 478
357 580
357 978
357 82
357 51
357 163
358 444
358 832
358 381
358 378
358 80
359 472
359 763
359 495
359 381
359 586
360 944
361 723
361 887
361 158
361 431
362 931
362 783
362 111
362 297
362 150
362 990
363 635
363 59
363 773
363 580
363 645
364 293
364 943
364 523
364 110
364 92
365 939
365 32
365 662
365 175
365 310
365 740
365 825
365 112
365 94
366 537
366 681
366 884
366 21
367 52
367 622
367 99
367 277
367 818
367 641
367 500
368 893
368 66
368 657
368 114
368 848
368 116
369 879
369 703
369 806
369 14
369 280
370 629
370 616
371 272
371 443
371 454
371 435
371 420
371 467
371 808
371 902
371 298
371 529
372 386
372 137
372 86
372 892
373 997
373 418
373 852
373 395
374 332
374 883
374 737
374 896
374 746
374 727
375 778
375 368
375 833
375 661
375 428
375 871
376 22
376 696
376 840
376 523
377 86
377 765
377 567
377 601
377 956
378 998
378 31
378 601
378 385
379 707
379 962
379 995
380 424
380 78
380 90
380 743
381 93
381 686
381 499
382 812
382 529
383 504
383 731
383 17
384 536
384 168
384 785
385 178
385 902
385 989
385 840
385 390
385 906
386 671
386 864
386 227
386 843
386 652
386 551
386 34
387 143
387 961
387 908
388 420
388 274
388 978
389 952
389 105
389 880
389 631
389 848
389 655
390 793
391 87
391 779
392 795
392 55
393 585
393 952
394 518
394 905
394 572
394 739
395 656
395 9
395 382
395 363
395 905
397 5
397 718
397 519
398 748
398 777
398 200
398 571
399 369
399 586
399 172
399 499
399 930
399 529
400 998
400 790
400 521
400 579
400 602
400 93
401 631
401 792
401 952
402 682
402 253
402 965
402 698
402 46
404 210
405 191
405 299
405 391
405 788
405 337
406 21
406 192
406 918
406 393
406 469
407 799
407 916
407 873
407 946
408 793
408 555
408 280
408 765
408 285
408 564
408 510
409 101
409 226
409 500
409 506
409 706
410 108
410 389
410 759
411 439
411 987
411 9
411 143
411 564
411 298
411 139
412 348
412 218
412 779
414 733
414 867
414 379
414 742
414 386
416 783
416 211
416 164
416 217
416 800
416 124
417 455
417 70
417 281
417 805
418 476
418 982
419 135
419 837
419 578
419 954
420 427
420 174
420 640
421 535
422 72
422 185
422 384
422 299
422 844
423 918
423 16
423 221
424 631
424 30
424 262
425 958
425 83
425 868
426 760
426 704
426 894
426 259
426 742
426 984
426 878
427 623
427 942
427 915
427 283
428 800
428 730
428 929
428 171
428 609
428 257
428 750
428 926
428 87
429 386
429 267
429 814
429 134
429 298
430 77
430 357
430 199
430 411
430 61
430 920
431 22
431 696
431 225
432 746
432 645
432 878
432 65
432 780
433 967
433 802
433 147
433 844
434 418
434 158
434 320
434 268
434 66
434 99
435 107
436 210
437 565
437 604
437 275
437 15
437 205
438 63
438 165
438 605
438 133
439 404
440 288
440 671
440 670
440 134
440 279
440 206
440 746
441 569
441 641
441 476
441 440
441 556
441 260
441 65
441 479
442 361
442 369
442 952
442 457
442 15
443 676
443 177
444 399
444 761
444 256
444 116
444 176
444 58
444 720
445 650
445 140
445 678
445 728
446 356
446 316
446 263
446 377
446 232
447 989
447 465
447 773
447 151
447 303
448 221
448 657
448 974
449 502
450 191
450 5
450 328
450 400
450 401
450 613
451 30
451 393
451 321
451 731
451 613
451 515
452 992
452 831
452 943
453 888
453 291
453 262
453 952
453 353
453 735
453 984
454 703
454 594
454 274
454 696
455 649
455 503
455 757
455 861
456 335
456 460
457 887
457 720
457 54
457 625
457 896
457 566
458 566
458 471
458 332
459 922
459 581
459 259
459 998
459 578
459 296
459 979
459 267
460 876
460 583
460 804
461 599
461 350
461 963
461 732
461 500
461 748
461 902
462 337
462 304
462 573
462 503
463 577
463 314
464 314
464 313
464 24
465 470
465 314
466 130
466 728
466 957
467 278
467 293
468 178
468 930
469 979
469 811
471 937
471 587
471 794
471 863
472 843
472 645
472 964
472 545
472 202
472 979
472 382
474 683
475 257
475 935
475 147
475 126
476 506
476 894
477 190
477 343
478 924
478 167
479 619
479 107
480 759
480 339
480 168
480 562
480 932
480 242
480 611
480 836
481 691
481 172
482 803
482 833
482 990
482 859
482 730
483 188
483 655
483 170
483 256
484 948
484 575
484 338
484 566
485 535
485 664
486 818
486 231
486 933
487 478
487 449
488 393
488 649
488 654
488 536
488 740
488 672
489 213
489 289
489 136
489 115
489 511
489 342
490 282
490 124
490 752
490 827
490 287
490 694
491 378
491 786
492 479
492 992
492 64
492 523
493 376
493 753
493 520
493 395
493 255
493 956
493 686
493 347
493 653
494 692
494 486
494 616
494 639
495 41
495 476
495 719
495 819
495 602
495 479
495 385
496 23
496 91
496 218
496 375
496 209
497 216
497 910
497 787
497 670
498 769
498 827
498 112
498 326
499 385
499 61
499 104
499 956
499 280
499 332
500 306
500 387
500 369
500 648
500 129
501 690
501 490
501 434
503 170
503 176
503 627
503 481
504 462
504 175
504 159
505 127
505 183
505 286
505 712
505 4
505 103
505 441
506 762
506 372
506 255
506 920
507 472
507 731
507 890
507 19
508 794
508 777
508 709
508 346
508 713
509 849
509 344
510 815
511 517
511 173
512 411
512 729
512 184
512 363
512 22
513 212
513 638
513 38
513 668
514 858
514 709
514 550
514 105
514 483
514 581
515 379
515 232
516 533
516 283
517 71
517 600
517 879
517 979
517 760
517 823
518 843
518 107
518 71
518 942
518 443
519 244
519 180
520 746
520 346
520 621
520 992
521 236
521 701
521 577
521 408
521 61
521 443
522 863
523 949
524 396
524 660
526 841
526 42
526 884
526 712
526 899
526 582
526 484
526 537
527 164
527 97
528 145
528 931
528 307
528 391
528 290
528 666
529 772
530 317
530 750
530 851
530 810
531 771
532 373
532 350
532 483
532 444
532 95
532 625
532 333
532 651
533 167
534 659
534 171
534 547
534 286
534 861
536 41
536 858
536 217
536 887
536 657
537 81
537 556
537 202
538 723
538 602
538 699
538 350
539 966
539 162
540 194
540 945
540 212
540 276
540 462
541 108
541 899
541 542
541 277
542 448
542 42
542 766
542 897
542 801
543 692
543 406
543 221
543 17
543 639
543 87
544 900
544 559
544 512
544 79
544 181
544 101
544 58
544 619
544 756
544 794
545 900
545 600
545 471
545 814
545 215
546 468
546 650
546 600
546 458
546 128
546 438
547 441
547 337
547 841
547 358
547 106
548 515
548 286
548 72
548 373
548 338
548 371
549 157
549 9
549 82
549 390
549 688
549 207
549 138
550 369
550 179
550 544
550 723
550 537
550 371
550 962
551 875
551 812
551 22
551 883
551 969
552 316
552 580
552 439
552 151
552 592
552 640
552 864
553 565
553 320
553 861
553 90
553 639
554 565
554 94
554 311
554 268
554 191
554 751
555 531
556 733
556 499
556 158
556 761
556 720
557 303
557 535
558 826
558 160
558 63
558 143
559 443
559 552
559 129
559 760
559 140
559 910
559 376
560 872
560 795
560 365
560 23
560 308
561 509
561 610
561 664
562 277
562 699
562 220
562 320
562 662
562 176
562 723
563 541
563 286
563 865
563 923
563 642
563 190
565 521
565 56
565 506
566 748
566 274
566 452
566 777
567 340
567 906
567 510
568 520
568 177
568 122
568 677
569 785
569 917
569 379
570 630
571 969
571 363
571 987
572 660
572 107
572 977
573 546
573 355
574 765
574 468
575 964
575 80
575 829
575 260
575 600
575 37
575 56
575 431
576 109
576 112
576 928
576 911
577 812
578 468
578 814
578 387
578 664
579 816
579 399
579 719
579 832
579 567
579 387
580 849
580 138
580 485
581 261
581 178
581 773
581 303
581 390
582 358
582 952
582 268
582 637
582 628
582 481
582 472
582 581
583 264
583 966
584 293
584 346
584 891
584 64
584 182
585 195
585 888
585 484
585 627
585 573
585 444
586 512
586 621
586 908
586 226
586 364
587 910
587 261
587 224
587 57
588 605
588 853
588 51
588 754
589 525
589 288
589 283
589 647
589 439
589 349
590 500
590 102
590 188
591 788
591 460
591 844
591 543
591 536
591 72
592 293
592 875
592 303
593 932
593 911
593 308
593 692
594 360
594 626
595 84
595 528
595 835
595 799
595 617
595 115
595 219
595 1000
595 718
596 445
596 99
596 997
596 206
596 332
597 906
597 566
597 232
597 840
598 787
598 920
598 133
599 647
599 516
599 165
599 279
599 224
599 943
600 497
600 374
600 255
600 160
600 989
601 382
601 119
601 885
601 516
602 748
602 559
602 206
602 497
602 323
602 474
603 270
603 668
603 136
603 383
603 166
604 267
604 989
604 572
604 333
604 726
604 748
604 808
605 683
605 470
605 727
605 883
606 855
606 231
606 817
607 348
607 874
608 213
608 123
608 49
608 32
608 798
609 786
609 674
609 890
609 419
610 729
610 436
610 331
611 158
611 544
611 500
611 492
611 862
612 389
613 429
613 970
613 334
613 17
613 79
614 894
614 719
614 922
614 458
614 885
614 387
615 789
615 519
615 624
615 328
615 593
615 740
615 828
616 234
616 538
616 700
616 841
616 359
616 893
617 945
617 423
617 803
617 287
617 795
617 694
618 2
618 4
618 553
618 289
619 454
619 920
619 372
619 567
619 226
619 529
620 52
620 914
620 484
620 18
621 635
621 272
621 284
621 113
622 558
622 323
622 970
622 93
622 379
622 394
623 815
624 425
624 299
624 725
624 410
624 861
625 466
625 160
625 601
625 56
627 837
628 364
628 95
628 763
628 998
629 457
629 841
629 188
629 745
630 895
631 550
631 960
631 234
631 663
631 768
632 43
632 249
632 488
633 172
633 45
633 499
633 962
633 472
633 429
634 866
634 870
634 243
634 917
634 168
636 959
636 556
636 862
636 10
637 959
637 129
637 914
637 291
638 66
638 697
638 569
638 981
638 515
638 164
638 195
639 446
639 903
639 993
639 781
639 381
640 772
640 184
641 724
641 963
641 648
641 716
641 982
642 453
642 460
642 616
642 335
642 241
642 585
642 667
643 784
643 616
643 102
643 855
643 192
643 836
644 400
644 817
644 355
644 325
644 368
645 340
645 864
645 248
646 751
646 217
646 988
646 503
646 243
646 861
646 938
646 31
648 756
648 296
648 749
648 356
648 357
648 151
648 594
649 929
649 276
649 507
649 494
650 199
650 200
650 523
650 67
651 323
651 843
651 226
651 688
651 523
652 950
652 33
653 502
654 663
654 673
654 114
654 904
654 742
654 691
654 885
654 66
655 683
655 464
656 284
656 59
656 316
656 907
657 267
657 551
657 250
657 597
657 749
658 342
658 433
658 299
659 41
659 705
659 264
659 657
659 550
660 689
661 672
661 527
661 788
661 32
661 585
661 697
662 811
662 237
662 751
662 373
663 994
663 680
663 518
663 568
663 878
663 139
664 278
664 853
664 396
665 193
665 153
665 643
666 233
666 634
666 240
666 929
666 637
667 459
667 722
668 424
668 932
668 12
668 192
668 880
669 77
669 263
669 429
669 35
669 399
669 552
670 727
670 771
670 33
671 729
671 22
671 122
672 141
672 541
672 409
672 441
673 447
673 50
673 792
673 500
673 93
674 66
674 724
674 578
674 806
674 215
675 65
675 718
676 978
677 715
677 875
677 59
677 288
677 73
677 92
678 814
678 906
678 808
678 75
678 81
678 549
679 157
679 452
679 927
679 688
680 905
680 522
680 777
680 509
680 950
680 120
681 546
681 870
681 8
681 201
682 251
682 53
682 540
682 690
682 851
682 328
682 127
683 849
684 740
684 136
684 755
684 117
685 644
685 209
685 103
685 294
685 933
686 439
686 580
686 902
687 960
687 882
687 264
687 597
687 446
687 751
688 487
688 6
688 404
689 314
690 590
690 299
690 672
691 357
691 545
691 95
691 546
691 756
691 728
692 373
692 897
692 614
693 23
693 424
693 750
693 954
694 83
695 634
695 669
695 763
695 897
695 345
695 45
695 581
697 651
697 492
697 984
697 432
697 917
698 393
698 171
698 198
698 644
698 932
698 378
699 870
699 586
699 93
699 691
699 29
700 887
700 469
700 988
700 641
700 492
700 21
700 446
701 6
701 969
701 340
701 421
702 830
702 190
702 406
702 745
702 286
702 42
703 6
703 647
703 207
703 110
704 739
704 440
704 957
704 431
704 516
705 500
705 579
705 95
706 280
706 907
706 630
706 535
707 845
707 396
707 660
708 828
708 4
708 856
708 150
708 530
708 16
709 288
709 962
709 878
709 86
710 946
710 846
711 658
711 755
711 380
711 62
711 156
711 68
711 365
712 848
712 95
712 109
712 735
713 9
713 640
713 812
714 867
714 625
714 995
714 230
714 904
714 201
715 245
715 478
716 356
716 474
717 355
717 876
717 424
717 613
717 628
718 585
719 545
719 584
719 956
719 309
720 139
720 842
720 206
720 588
720 777
720 610
720 592
721 206
721 551
721 226
721 67
722 234
722 888
722 983
722 991
722 116
722 741
723 516
723 816
723 758
723 398
724 57
724 25
724 408
724 686
724 143
725 709
725 764
725 542
725 453
726 224
726 671
727 421
728 509
728 346
728 89
728 977
730 669
730 175
730 536
730 659
730 99
731 195
731 220
731 858
732 754
732 772
732 467
732 564
732 340
732 812
733 187
733 860
733 748
733 256
733 671
733 332
733 594
734 706
734 336
734 242
735 549
735 870
735 808
735 959
735 35
735 749
735 787
736 26
736 881
736 951
736 511
737 975
737 671
737 411
738 830
738 886
738 183
738 141
739 274
739 551
739 134
739 623
740 141
740 590
740 532
740 817
741 963
741 894
741 721
741 79
741 657
741 832
741 704
741 870
742 104
742 574
743 15
743 12
744 68
744 271
744 965
745 948
745 74
745 400
745 893
745 168
745 189
746 314
746 413
747 25
747 390
747 161
747 605
747 178
747 324
747 598
747 61
748 589
748 927
748 356
749 161
749 793
749 878
749 346
749 163
750 106
750 141
750 117
750 798
750 844
751 989
751 826
751 780
751 704
751 14
751 463
752 649
752 861
752 871
752 72
753 313
753 261
753 679
753 440
753 775
754 155
754 57
755 424
755 211
755 460
755 310
755 639
755 893
756 942
756 177
756 906
756 949
757 54
757 195
757 537
757 858
757 458
758 878
758 787
759 376
759 394
759 138
759 963
759 140
760 344
761 816
761 518
761 601
761 521
761 497
761 100
762 703
762 739
762 452
762 680
762 512
762 732
763 574
763 349
763 61
764 169
764 192
764 999
764 460
766 628
766 586
766 15
766 13
766 884
766 988
766 21
766 37
767 290
767 730
767 253
767 145
767 582
767 851
767 475
767 511
768 332
768 292
768 777
768 313
769 672
769 981
769 480
769 507
770 980
770 242
770 700
770 41
771 436
771 626
772 449
773 222
774 218
774 901
774 319
774 270
774 877
775 976
775 403
775 47
776 895
776 155
777 24
777 449
777 909
777 265
778 999
778 958
778 932
778 175
778 97
779 460
779 78
779 156
779 649
779 453
779 233
780 143
780 390
780 635
780 775
781 724
781 819
781 378
782 490
782 530
782 365
782 159
783 171
784 972
784 456
784 620
784 751
785 706
785 497
785 762
785 468
786 393
786 629
786 981
786 460
786 766
787 969
787 898
787 531
788 738
788 275
788 897
789 692
789 183
789 983
790 376
790 206
790 200
790 340
791 525
792 728
792 544
792 202
792 130
793 314
793 863
793 404
794 485
794 623
794 771
795 818
795 846
795 336
795 269
796 519
796 855
797 416
797 273
797 477
797 833
798 311
798 766
798 514
798 19
798 641
799 419
799 241
799 410
799 536
799 722
799 277
800 541
800 451
800 183
800 674
801 714
801 132
801 549
801 426
801 724
801 429
801 114
802 769
802 730
802 46
802 958
802 526
803 504
803 12
803 262
803 899
804 25
804 742
804 614
805 294
805 661
805 491
805 526
806 852
806 274
806 47
806 707
806 656
806 808
806 272
806 331
807 421
808 516
808 713
808 427
808 89
808 473
808 182
808 943
809 511
809 477
809 690
809 240
809 275
810 425
810 830
810 190
811 476
811 566
811 399
811 819
811 291
812 415
813 512
813 509
813 670
813 648
814 67
814 178
814 388
814 555
814 396
815 924
816 878
816 512
816 955
816 267
817 813
817 823
817 998
817 552
818 431
818 726
818 353
818 569
818 544
818 521
819 959
819 568
819 37
820 269
820 72
821 553
821 32
821 55
821 698
821 11
821 290
821 643
822 625
822 598
822 586
822 267
823 435
823 129
823 947
823 906
824 662
824 755
824 543
824 800
824 513
824 649
824 788
825 723
825 457
825 532
825 947
826 748
826 574
826 119
826 408
827 810
827 276
828 169
828 527
828 15
829 679
829 61
829 726
829 354
829 552
829 768
829 182
830 330
830 890
830 668
831 421
831 436
831 449
831 944
832 955
832 14
832 927
832 653
832 163
833 276
833 926
833 145
834 788
834 857
834 78
834 23
835 70
835 475
835 238
836 948
836 493
836 558
836 823
836 100
837 508
837 105
837 735
837 868
838 757
838 667
838 662
838 813
839 72
839 881
839 455
840 729
840 248
840 683
840 59
840 283
841 655
841 237
841 622
841 938
842 421
843 89
843 683
843 487
844 105
844 581
845 184
845 473
845 293
845 222
845 969
846 702
846 730
846 410
846 257
847 277
847 472
847 692
847 579
847 461
848 454
848 374
848 69
848 994
848 363
849 525
850 20
850 725
850 477
850 911
850 646
851 563
851 287
851 945
852 207
852 645
852 807
854 734
854 770
854 2
854 712
854 55
855 423
855 750
855 886
856 805
856 591
856 609
857 582
857 482
857 576
857 209
858 182
858 178
858 601
858 842
858 265
858 907
858 713
859 275
859 5
859 424
859 442
860 394
860 900
860 324
860 758
860 14
861 655
861 801
861 457
862 889
862 201
863 849
864 396
865 988
865 553
865 695
865 118
865 629
866 888
866 867
866 99
866 565
866 578
866 790
866 15
866 128
866 371
867 34
867 181
867 157
867 107
868 509
868 727
868 842
868 474
868 592
868 413
869 503
869 68
869 252
869 778
869 319
869 46
870 163
870 677
870 376
870 452
870 157
870 110
870 222
870 177
871 46
871 462
871 629
871 932
872 769
872 513
872 91
872 290
872 828
872 667
873 755
873 115
873 416
873 433
873 607
873 159
873 820
874 911
875 535
876 52
876 242
876 18
876 12
876 759
876 699
877 717
877 304
877 109
877 66
878 891
878 427
878 96
878 906
878 892
879 435
879 438
879 787
879 594
879 24
879 67
880 822
880 186
880 993
880 804
880 980
881 185
881 835
881 204
881 796
881 127
882 66
882 250
882 966
882 914
883 976
883 283
883 331
884 426
884 922
884 234
884 476
884 832
884 79
885 831
885 463
885 226
886 743
886 952
886 575
886 65
886 596
886 669
886 430
887 216
887 792
887 382
887 157
888 780
888 584
888 753
889 394
889 678
889 998
889 598
889 716
890 983
890 852
890 432
890 781
890 954
890 56
891 360
892 664
893 920
893 714
893 65
893 216
893 584
894 652
894 748
894 140
894 128
896 555
896 261
896 92
896 155
897 963
897 583
897 311
897 602
898 200
899 633
899 880
899 264
899 181
899 806
900 746
900 561
900 771
900 133
900 529
900 807
901 146
901 180
901 824
902 909
902 245
902 727
903 134
903 40
903 720
904 7
904 291
904 279
904 558
904 250
905 863
905 474
906 229
906 502
906 875
906 729
906 915
907 647
907 623
907 110
908 464
908 920
908 178
908 771
908 248
909 630
909 210
910 713
910 791
910 688
911 171
911 786
911 30
911 757
912 745
912 220
912 700
912 190
912 585
913 115
913 289
914 10
914 822
914 377
914 760
914 435
915 812
916 752
916 912
916 102
916 251
917 381
917 822
917 900
918 18
918 722
918 83
918 341
918 277
918 117
919 147
919 148
919 936
919 317
919 797
920 808
920 163
921 60
921 219
921 527
921 734
921 685
921 827
922 280
922 790
922 69
922 870
922 720
923 451
923 958
923 757
923 241
923 341
923 639
926 355
927 961
927 656
927 807
927 793
928 880
928 480
928 884
928 890
929 83
930 390
930 96
930 588
930 388
931 672
931 929
931 912
931 654
931 945
931 861
932 241
932 320
932 419
932 596
932 801
933 260
933 876
933 448
933 801
934 126
934 542
934 859
934 734
935 825
935 508
935 517
936 740
936 276
936 319
938 353
938 902
938 964
938 25
939 243
939 745
940 17
940 972
940 541
940 437
940 219
940 180
941 712
941 536
941 310
941 751
941 948
943 895
945 984
945 858
945 440
945 806
945 87
945 10
946 513
946 20
946 294
947 594
947 907
947 34
947 313
948 997
948 381
948 459
949 689
949 727
949 676
950 957
950 138
950 610
950 621
950 467
950 388
951 246
951 540
951 428
951 783
952 960
952 414
952 641
952 101
953 322
953 196
953 881
953 698
954 814
954 58
954 763
954 295
954 843
954 732
954 34
955 989
955 777
955 910
956 713
956 557
956 288
957 623
957 473
957 313
957 184
957 329
957 415
958 377
958 766
958 722
958 904
959 652
959 324
959 69
959 323
959 298
959 332
960 636
960 116
960 704
961 288
961 937
961 283
962 522
962 200
962 235
962 435
962 245
962 182
963 756
963 598
963 521
963 215
963 903
964 120
964 447
964 749
964 203
965 406
965 141
965 218
965 190
966 724
966 964
966 733
966 997
966 823
966 706
967 462
967 351
967 702
967 929
967 590
967 401
968 362
968 511
970 707
970 140
970 922
971 171
971 406
971 205
971 999
971 958
971 321
971 844
972 217
972 170
972 637
973 489
973 27
974 461
974 186
974 631
974 866
974 625
975 664
979 467
979 303
979 721
979 474
979 864
980 206
980 119
980 587
981 74
981 483
981 622
981 991
981 239
981 556
981 50
982 645
982 594
982 96
982 357
982 529
982 977
982 909
983 374
983 497
983 867
983 997
983 69
983 512
984 295
984 671
985 937
985 688
985 248
986 744
986 208
986 392
986 131
986 126
987 524
987 225
988 296
988 134
988 135
988 726
989 274
990 914
990 918
990 126
991 908
991 737
991 887
991 135
992 715
992 807
993 852
993 75
993 724
993 723
993 14
993 566
993 598
993 309
994 298
994 992
994 120
994 67
994 925
995 75
995 35
995 332
996 802
996 273
996 609
996 392
997 7
997 298
997 650
997 114
998 756
998 679
998 975
998 182
999 355
999 612
999 221
999 361
1000 526
1000 365
1000 798
1000 126
1000 697
1000 722
