3962
1 856
1 310
1 612
1 510
2 675
2 478
3 488
3 743
3 32
4 660
4 752
4 659
4 157
4 612
4 586
5 538
5 755
5 806
5 987
6 106
6 211
6 922
7 506
7 923
7 451
7 374
7 481
7 934
8 560
9 319
9 169
9 5
9 699
9 472
9 199
9 907
10 228
10 366
10 302
10 277
10 208
11 572
11 392
11 852
11 338
11 978
12 547
12 398
12 317
13 710
13 421
13 247
14 343
14 257
14 372
14 26
14 352
15 960
15 497
15 917
15 480
16 360
16 140
16 566
16 296
17 903
17 730
17 344
17 495
18 915
18 757
18 138
18 16
18 580
18 887
20 660
20 730
20 959
20 499
20 353
20 377
21 867
21 877
21 800
21 397
21 857
22 836
22 830
22 799
22 528
22 620
22 889
22 524
23 414
23 122
23 835
24 187
24 310
24 112
24 78
25 74
25 103
25 714
25 434
25 31
26 70
26 800
26 156
26 385
27 459
27 586
27 484
27 345
28 839
28 104
29 94
29 314
29 91
29 51
29 869
29 301
30 669
30 288
30 513
30 931
30 655
30 350
31 552
31 734
32 978
32 316
32 995
32 318
32 990
32 933
32 536
32 698
32 188
33 588
33 672
33 218
33 164
34 51
34 317
34 868
35 912
35 948
36 88
36 773
36 714
37 593
37 194
37 510
38 611
38 603
38 412
38 132
38 309
40 248
40 673
40 230
40 726
40 172
41 315
41 99
41 610
42 121
42 534
42 483
42 866
42 920
43 561
43 338
43 96
44 884
44 666
44 617
44 683
45 359
45 123
45 424
45 224
45 470
45 487
46 357
46 281
46 700
47 645
47 182
47 686
47 302
48 626
48 64
48 370
49 458
49 27
49 809
49 72
50 571
50 49
50 487
50 367
50 799
50 341
51 956
51 172
51 538
51 639
51 474
51 656
51 701
52 902
52 976
52 831
52 732
52 979
53 884
53 258
53 395
54 15
54 622
54 707
54 136
55 744
55 724
55 894
55 772
55 978
56 906
56 203
56 423
56 474
56 456
57 45
57 939
57 536
57 109
57 712
58 639
58 455
58 203
58 319
58 516
58 811
59 856
59 420
60 948
60 498
62 305
62 693
62 487
62 591
62 703
62 524
63 927
63 378
63 589
63 681
63 508
64 561
64 565
65 224
65 62
65 303
66 118
66 991
66 853
67 299
67 221
67 415
68 352
68 772
68 402
68 896
69 625
69 582
69 372
69 647
70 95
70 611
70 57
70 132
70 760
71 38
71 143
71 369
71 998
72 297
72 865
72 702
72 137
72 283
72 380
72 181
73 754
73 495
73 774
73 305
73 190
73 298
73 321
73 930
74 491
74 525
74 180
75 976
75 316
75 188
75 557
75 160
75 270
75 565
76 981
76 321
77 340
77 973
77 399
77 868
77 529
77 97
78 717
78 27
78 395
79 427
79 872
79 843
79 609
80 272
80 309
80 254
80 854
81 620
81 482
81 974
81 633
81 458
81 96
82 357
82 281
83 150
84 970
84 869
85 281
86 28
86 386
87 874
87 945
87 764
89 555
89 256
89 68
90 699
90 155
90 117
90 169
90 360
91 970
91 813
91 735
91 340
92 598
92 634
92 555
92 472
93 702
93 792
93 181
94 864
94 810
94 208
95 597
95 335
95 295
97 211
97 512
97 228
97 599
98 650
98 34
98 634
99 126
99 17
99 814
100 351
100 898
101 454
101 879
102 552
102 166
102 884
102 281
103 948
105 161
105 580
105 230
105 594
105 547
106 458
106 939
106 27
106 479
107 401
107 130
107 400
107 523
108 590
108 810
108 213
109 453
109 855
109 843
109 515
109 612
110 41
110 993
110 674
111 140
111 304
111 276
111 896
112 510
112 607
112 479
112 139
113 519
113 283
113 703
113 586
113 672
113 124
113 904
114 601
114 805
115 226
115 528
115 59
116 422
116 120
116 854
116 360
116 581
116 392
116 246
117 454
117 534
117 253
118 818
118 74
118 575
118 640
118 139
119 31
119 615
119 830
119 129
119 568
120 214
120 198
120 456
120 807
121 450
121 56
121 277
121 822
121 21
121 239
122 416
122 152
122 363
122 251
122 509
123 473
123 251
123 217
123 818
125 613
125 870
126 37
126 379
126 19
126 526
126 612
126 955
126 299
127 114
127 128
127 363
127 964
127 708
127 413
127 152
127 491
129 299
129 35
129 83
130 151
130 569
131 590
131 907
131 735
131 719
131 292
131 63
132 853
132 957
132 374
132 202
132 487
132 860
133 559
133 276
134 334
134 110
135 762
135 772
135 11
135 574
135 687
136 739
136 190
136 959
137 884
137 330
138 250
138 931
138 829
138 120
139 61
140 26
140 11
141 622
141 621
141 99
141 624
141 916
141 561
141 515
142 141
142 116
142 84
142 988
142 692
143 610
143 938
143 855
144 317
144 820
144 745
145 447
145 622
145 23
145 274
145 901
145 569
145 941
146 784
146 992
147 617
147 552
147 297
148 418
148 599
148 476
148 284
148 20
149 279
151 621
151 941
151 305
151 244
151 689
151 233
152 28
152 928
152 593
152 662
153 717
153 683
153 227
154 389
154 547
154 632
154 84
154 595
155 602
155 87
155 172
156 211
156 13
156 572
156 999
156 222
157 86
157 149
158 62
158 406
158 441
158 277
158 418
159 625
159 163
159 616
159 225
159 34
159 496
160 359
160 754
160 497
161 92
161 891
161 29
161 684
161 68
162 525
162 196
162 187
163 403
163 172
164 196
164 835
165 425
166 430
167 414
167 633
167 936
167 36
168 681
168 686
168 919
168 908
169 327
169 608
169 54
169 890
170 106
170 624
170 750
170 995
170 733
171 441
171 631
171 722
171 48
171 278
172 927
172 336
172 522
172 946
172 931
173 733
173 711
173 482
173 750
173 222
173 614
174 467
174 207
174 436
175 888
175 224
175 894
175 812
175 999
176 368
176 35
176 695
176 928
177 710
177 603
177 170
177 521
178 975
178 216
178 367
178 295
178 467
179 800
179 993
179 75
179 642
179 769
179 173
180 61
182 392
182 611
182 985
182 80
182 633
182 188
183 704
183 988
183 632
183 169
183 876
184 510
184 959
185 686
185 735
185 423
185 879
185 987
186 499
186 294
186 367
186 771
186 917
187 180
187 166
188 609
188 387
188 947
188 96
188 417
189 294
189 194
189 1
189 886
189 846
189 568
189 872
189 323
189 526
189 853
190 355
192 999
192 313
192 707
192 984
194 176
194 221
194 525
194 166
195 21
195 138
195 34
195 776
195 340
196 279
196 83
196 281
197 53
197 194
198 507
198 771
198 835
198 856
198 124
199 828
199 56
199 146
199 649
200 806
200 713
200 982
201 431
201 134
201 781
201 715
201 564
201 460
201 944
202 644
202 124
202 963
202 339
202 972
203 204
203 599
203 893
203 725
203 678
204 646
204 497
204 338
204 812
204 64
205 927
205 38
205 758
205 288
205 973
205 578
205 336
205 43
206 462
206 953
206 260
206 449
206 311
207 802
207 62
207 44
207 808
207 592
208 147
208 846
208 711
208 444
208 928
209 530
209 657
210 838
210 883
210 759
210 423
210 743
211 337
211 4
212 708
212 73
212 995
213 566
213 691
213 990
214 664
214 436
214 693
214 157
215 461
215 905
215 817
215 210
215 301
216 856
216 818
218 147
218 585
219 91
219 727
219 492
219 314
219 623
219 913
220 781
220 789
220 92
220 932
221 928
221 958
222 640
222 23
222 505
222 615
222 731
222 310
223 729
223 931
223 946
223 706
223 440
224 903
224 25
224 467
224 119
225 172
225 449
225 914
227 181
228 4
228 54
228 451
228 980
228 316
228 938
229 511
229 177
229 670
229 854
230 403
230 867
230 954
230 559
230 692
231 850
231 596
231 885
231 325
231 813
232 92
232 943
232 257
232 159
232 713
233 298
233 730
233 153
233 216
233 644
233 345
234 162
234 420
235 302
235 385
235 132
235 464
235 897
236 553
236 254
236 240
237 173
237 241
237 724
238 597
238 412
238 4
238 708
239 870
239 309
239 274
239 440
239 331
239 999
239 207
240 164
240 342
240 294
240 444
240 122
240 381
241 465
241 222
241 744
241 255
242 683
242 543
242 882
243 198
243 444
243 126
243 720
243 824
244 952
245 58
245 757
245 988
246 790
246 119
246 779
246 81
247 575
247 560
247 379
247 473
247 342
248 55
248 371
248 5
249 878
250 724
250 995
250 929
250 440
250 691
251 8
251 86
251 878
251 420
252 531
252 164
252 756
252 122
252 339
252 149
253 602
253 450
253 794
253 828
253 650
253 350
254 362
254 470
254 174
254 938
254 980
255 246
255 7
255 212
256 260
256 829
257 156
257 237
259 351
260 968
260 348
261 13
261 466
262 504
262 681
262 493
262 288
263 117
263 223
263 653
263 446
263 257
265 451
265 375
265 505
265 1
265 447
265 934
265 458
266 538
266 589
266 235
266 336
266 645
266 158
266 275
266 255
267 676
268 172
268 446
268 110
268 449
268 598
269 312
269 317
269 724
270 799
270 318
270 663
270 536
271 600
271 432
271 314
271 101
271 110
271 820
271 887
272 374
272 495
272 818
272 22
273 117
273 98
273 965
273 600
273 89
274 621
275 703
275 497
275 996
275 909
275 754
276 736
276 706
276 744
276 135
276 914
277 917
277 178
277 4
277 527
277 614
278 611
278 939
278 377
278 989
278 918
278 962
280 387
280 396
280 509
280 588
280 193
280 662
280 959
281 490
282 964
282 627
283 666
283 676
284 202
284 991
284 689
284 624
284 106
285 842
285 652
285 248
286 302
286 565
286 236
286 239
286 949
286 800
286 779
286 610
286 561
287 856
287 972
287 573
287 417
288 611
288 275
288 631
288 800
288 120
288 798
289 150
290 461
290 794
290 888
290 582
291 687
291 858
291 914
291 512
291 64
291 265
292 275
292 68
292 307
292 582
292 204
293 742
293 950
293 819
293 516
294 100
294 46
294 542
294 184
295 586
295 734
295 139
295 88
296 605
296 513
298 424
298 426
298 672
298 152
298 543
298 351
298 740
300 308
300 982
300 439
300 340
301 132
301 712
301 589
302 597
302 339
302 933
302 7
303 479
303 409
303 298
303 832
303 627
303 792
304 402
304 296
304 456
304 822
304 697
305 139
305 862
305 853
306 486
306 812
306 611
306 265
307 602
307 736
307 761
307 306
307 619
308 154
308 782
309 473
309 381
309 78
309 60
310 617
310 166
310 593
310 88
311 837
311 701
311 143
312 319
312 654
312 462
313 864
313 621
313 916
313 388
314 111
314 256
314 704
314 879
314 450
315 551
315 265
316 889
316 903
316 374
316 96
316 407
316 113
317 277
317 397
317 213
318 23
318 592
318 955
319 343
319 533
319 361
319 852
320 696
320 721
320 117
320 887
321 67
321 826
321 459
321 518
322 736
322 704
322 372
322 343
322 488
322 446
322 393
322 943
323 489
323 863
323 112
323 59
323 234
324 71
324 500
324 301
324 829
325 782
325 225
325 529
325 158
326 110
326 10
326 910
326 301
327 127
327 364
327 939
327 145
327 976
327 994
328 720
328 218
328 739
328 72
328 814
328 420
329 868
329 783
331 855
331 451
332 973
332 530
332 859
332 634
333 323
333 67
333 974
334 185
334 582
334 312
335 452
335 711
335 427
335 886
336 394
336 744
336 724
336 192
336 75
337 52
337 270
337 331
337 854
338 411
338 214
338 908
339 416
339 218
339 748
339 573
339 166
340 65
340 877
340 828
341 695
341 102
341 162
342 847
342 249
343 656
343 670
343 247
343 570
344 791
344 234
344 835
345 548
345 279
345 281
346 382
346 260
346 402
346 919
346 758
347 352
347 21
347 602
347 554
347 992
348 502
348 352
348 463
348 986
348 52
348 4
350 536
350 224
350 440
350 750
350 968
350 976
350 605
350 126
352 551
352 411
352 812
352 897
352 899
353 85
353 505
353 36
353 187
354 693
354 553
354 328
355 251
355 740
355 588
355 342
355 162
355 856
355 792
356 332
356 55
356 195
356 371
356 3
357 498
357 124
358 25
358 685
358 799
358 963
358 518
359 24
359 664
359 518
360 536
360 240
360 265
360 527
360 198
361 141
361 175
361 643
361 41
361 71
361 32
362 113
362 78
362 103
363 380
363 150
363 153
364 732
364 388
364 189
365 130
365 766
365 502
365 854
365 303
365 435
365 698
366 463
366 992
366 574
366 888
366 642
366 247
367 659
367 123
367 542
368 717
368 139
368 330
368 434
369 390
369 940
369 167
369 382
369 243
369 452
370 737
371 538
371 797
371 709
372 291
372 645
372 577
372 986
372 378
373 301
373 547
373 834
373 314
374 379
374 703
374 604
374 136
374 770
374 909
375 46
375 289
375 414
375 951
375 380
376 925
376 906
376 316
377 952
377 295
377 305
378 537
378 678
378 941
379 297
379 748
379 792
381 593
381 662
382 64
382 164
382 118
382 903
382 272
382 96
383 915
383 256
383 334
383 172
384 841
384 739
384 93
384 37
384 981
384 60
385 388
385 246
385 177
385 212
386 593
386 39
386 53
387 283
387 746
387 289
388 79
388 667
388 367
388 720
389 69
389 803
389 269
390 272
390 996
390 499
390 732
390 635
390 730
391 694
391 237
391 432
391 772
391 973
391 262
392 512
392 523
392 563
392 270
392 481
392 358
393 549
393 55
393 117
393 761
393 706
394 65
394 493
394 364
394 760
395 490
395 668
395 88
396 267
396 585
396 510
396 368
396 244
397 135
397 858
398 813
398 322
398 823
398 579
398 5
399 282
399 712
399 500
399 337
399 32
400 995
400 321
400 33
400 591
400 458
401 700
401 499
401 457
401 484
402 436
402 365
402 922
402 831
403 876
403 397
403 346
403 582
403 907
404 759
404 713
404 704
405 985
405 148
405 691
405 989
406 374
406 685
406 698
407 342
407 959
407 27
408 431
408 383
408 92
409 349
409 100
409 380
410 127
410 851
410 243
410 416
410 184
410 482
410 855
410 809
410 991
410 660
410 630
411 921
411 880
411 942
411 605
411 229
411 126
412 202
412 119
412 624
412 804
413 847
413 258
414 395
414 491
414 948
414 82
415 60
415 607
415 878
415 585
415 409
415 368
416 882
416 552
416 966
418 344
418 367
418 381
418 865
419 20
419 960
419 989
419 996
421 565
421 871
421 493
421 270
421 712
422 824
422 901
422 864
422 464
422 244
423 422
423 501
423 255
423 921
423 940
424 507
424 683
424 287
424 59
425 443
425 866
425 629
425 404
425 314
425 580
426 860
427 663
427 458
427 23
427 259
427 46
427 289
428 21
428 517
428 838
428 721
429 303
429 487
429 36
431 389
431 18
431 755
432 688
432 589
432 925
432 608
432 619
433 942
433 233
433 109
434 226
435 252
435 731
435 957
435 591
436 832
436 413
436 197
436 588
436 218
437 376
437 707
437 52
437 989
438 449
438 239
439 637
439 838
439 745
439 608
439 692
440 505
440 620
440 95
440 190
441 7
441 170
441 816
441 512
441 787
442 278
442 106
442 537
442 233
443 121
443 914
443 540
443 138
444 494
444 100
444 792
445 552
446 883
446 97
446 887
447 342
447 646
447 506
447 612
448 261
448 356
448 721
448 77
448 443
448 372
449 237
449 97
449 628
449 945
450 463
450 235
450 788
450 643
450 214
451 951
451 363
451 17
452 603
452 667
452 799
452 333
452 826
452 484
453 997
453 610
453 208
453 873
454 235
454 764
454 466
455 419
455 465
455 572
455 213
455 316
456 218
456 217
456 358
456 282
456 841
456 342
457 663
457 865
457 830
457 909
457 59
458 491
458 426
458 187
459 815
459 966
459 221
459 543
459 226
459 904
460 276
460 455
460 578
460 919
461 890
461 837
462 57
462 790
462 864
462 749
462 13
462 732
463 597
463 125
463 107
463 313
463 378
464 79
465 254
465 365
466 346
467 935
467 936
468 60
468 846
468 491
468 59
468 226
469 61
470 587
470 252
470 515
470 934
470 804
471 194
471 627
472 496
472 449
472 953
472 101
472 987
473 677
473 349
473 289
474 394
474 99
474 274
474 284
474 95
474 464
475 439
475 391
475 580
475 261
476 79
476 470
476 824
476 216
477 632
477 817
477 819
477 616
478 48
478 155
478 625
478 595
479 19
480 212
480 830
480 20
481 118
481 359
481 571
481 799
481 344
481 700
482 546
482 137
483 120
483 530
483 461
483 51
483 372
483 634
484 588
484 884
484 82
484 258
484 417
484 445
486 476
486 467
487 966
487 396
487 865
487 606
487 972
488 277
488 87
489 958
489 35
489 83
489 226
492 583
492 133
492 324
492 776
493 642
493 809
493 766
493 502
493 707
493 236
495 37
495 573
495 543
495 115
495 711
496 567
496 486
496 529
496 837
497 221
497 128
497 147
497 630
497 379
497 494
498 552
499 344
499 287
499 72
499 494
499 695
499 381
499 164
499 100
500 379
500 597
500 770
500 841
501 592
501 284
501 247
501 565
501 633
502 962
502 691
502 354
502 621
502 243
502 499
502 978
502 188
503 583
503 393
503 965
503 538
504 499
504 760
504 112
504 720
504 418
504 435
504 506
504 396
504 305
505 951
505 904
506 666
506 746
506 484
506 321
506 832
506 672
506 568
508 464
508 766
508 7
508 96
509 226
510 575
511 546
511 67
511 524
512 99
512 990
513 73
513 960
513 646
513 129
513 184
513 198
514 329
514 679
514 820
515 593
515 863
515 814
515 531
515 752
515 409
516 454
516 699
516 71
516 558
516 291
516 590
517 953
517 883
517 729
517 869
517 360
519 860
519 485
519 289
519 279
520 64
520 807
520 167
520 513
520 127
521 627
521 191
521 76
521 773
521 102
521 19
522 986
522 837
522 237
522 442
522 422
522 763
523 377
523 802
523 934
523 528
524 717
524 972
525 815
526 484
526 44
526 72
526 289
527 836
527 36
527 413
528 848
528 640
528 846
529 402
529 674
529 871
529 968
529 429
530 57
530 570
530 177
531 287
531 281
532 428
532 709
532 576
532 719
533 697
533 899
533 422
533 192
533 849
533 808
534 203
534 466
534 449
534 533
534 719
534 954
534 777
535 134
535 199
535 648
535 438
535 728
535 209
535 248
535 304
535 488
536 836
536 754
536 862
536 934
537 400
537 570
537 73
537 733
537 96
538 376
538 741
538 48
539 393
539 783
539 745
539 735
539 600
540 21
540 869
540 761
540 108
540 97
541 549
541 775
541 680
541 285
541 483
541 794
541 462
542 668
543 983
543 507
544 782
544 372
544 834
544 887
544 47
544 869
545 179
545 961
545 253
546 82
546 60
546 560
547 532
547 786
547 393
547 488
549 296
549 559
549 10
549 590
549 724
549 486
550 473
550 974
550 586
550 299
550 666
550 964
550 294
551 192
551 990
551 504
551 661
551 64
551 33
553 685
553 400
553 651
553 980
553 929
554 631
554 797
554 669
554 674
554 945
554 235
555 334
555 915
555 146
556 391
556 757
556 559
557 929
557 831
558 11
558 926
558 631
559 828
559 877
559 179
559 11
559 520
560 714
560 395
560 31
561 62
561 939
561 770
561 323
562 648
562 786
562 579
562 544
563 791
563 252
563 19
563 612
563 911
564 584
564 356
564 801
565 624
565 773
565 587
565 754
566 642
566 707
566 880
566 173
567 429
567 350
567 313
567 999
567 688
568 714
568 548
568 85
568 380
569 603
570 698
570 375
570 521
570 457
570 591
570 482
570 756
570 355
572 109
572 921
572 990
572 327
572 513
572 979
573 74
573 662
574 49
574 939
574 254
574 468
575 413
576 275
576 954
576 970
577 589
577 337
577 810
577 852
578 175
578 138
578 857
579 883
579 146
579 869
579 261
579 706
580 110
580 926
580 403
580 38
581 296
581 502
582 311
582 343
582 859
582 945
582 433
583 628
583 837
583 10
583 709
583 722
583 312
583 761
584 325
584 813
584 653
584 492
584 554
585 196
585 114
585 884
586 851
586 853
586 898
586 264
586 928
587 717
587 395
587 416
587 100
587 258
588 267
588 548
588 494
588 281
589 572
589 565
589 278
589 493
589 599
589 760
590 4
590 816
590 916
590 933
590 644
591 386
591 550
591 1
591 216
591 609
592 824
592 482
592 659
592 957
594 673
594 450
594 239
594 110
594 820
594 822
594 529
594 399
594 360
595 726
595 169
595 778
595 577
595 275
596 215
596 549
596 253
596 488
596 859
597 436
597 606
597 344
597 624
597 482
597 630
598 352
598 920
598 649
598 522
598 179
598 876
598 987
599 799
599 603
599 531
599 497
599 188
599 853
599 575
599 152
600 857
600 721
600 942
600 52
601 485
602 643
602 418
602 390
603 952
603 878
603 714
603 856
603 83
604 217
604 904
604 511
604 227
604 283
604 191
605 731
605 689
605 957
605 309
606 662
607 485
607 193
608 706
608 650
608 649
608 182
609 479
609 952
610 387
610 941
610 698
610 667
610 972
611 597
611 45
611 855
611 707
611 7
611 610
611 160
611 384
612 863
612 641
612 865
612 93
612 137
612 259
613 508
613 769
613 143
613 354
613 960
613 132
614 409
614 93
614 863
614 531
614 162
614 494
615 176
615 67
615 700
615 571
616 138
616 598
616 140
616 653
617 485
618 626
618 250
618 931
618 192
618 763
619 392
619 890
619 405
620 531
620 344
620 282
620 702
620 546
621 663
621 495
621 160
622 886
622 563
622 685
622 843
623 969
623 203
623 286
623 761
624 591
624 947
624 244
624 802
624 923
624 799
625 121
625 825
625 709
625 776
625 517
626 844
626 504
626 969
626 502
626 476
628 868
628 288
628 350
629 932
629 324
629 262
629 794
630 387
630 426
630 176
630 609
631 613
631 429
631 881
631 390
631 419
631 186
631 688
632 653
632 556
632 786
632 311
632 146
633 536
633 189
633 855
633 363
634 792
634 908
634 222
634 298
634 771
635 818
635 601
635 980
635 754
636 820
636 360
636 728
636 757
636 745
637 581
637 598
637 319
637 578
637 794
637 26
637 893
638 406
638 930
638 752
638 614
638 708
639 465
639 993
639 787
639 177
639 631
639 486
639 247
639 565
640 983
640 948
640 83
641 928
641 668
641 153
641 217
642 170
642 941
642 358
642 238
642 918
642 136
643 13
643 743
643 520
643 80
644 898
644 491
644 420
645 178
645 141
645 376
645 537
646 252
646 414
646 872
647 530
647 534
647 914
647 907
648 223
648 549
648 817
648 98
648 673
648 389
648 460
648 600
649 328
649 921
649 188
649 337
649 566
649 296
650 881
650 957
650 145
650 451
650 897
651 717
651 196
651 873
651 494
652 136
652 804
652 143
652 141
653 828
653 726
653 68
653 55
654 41
654 45
654 13
654 650
654 880
655 182
655 574
655 158
655 465
656 993
656 421
656 864
657 121
657 138
657 786
657 869
657 496
657 317
658 721
658 185
658 727
658 205
659 387
659 384
659 827
660 35
660 677
660 951
660 641
660 310
660 748
660 546
661 796
661 410
661 24
663 983
663 426
663 227
664 733
664 791
664 333
664 911
664 386
664 542
665 833
665 535
665 383
667 416
669 557
669 922
669 989
669 254
669 410
669 284
670 173
670 710
670 451
671 704
671 692
671 466
671 361
671 455
671 699
672 150
673 148
673 43
673 327
673 107
673 440
673 968
674 501
674 135
674 920
674 204
674 419
675 324
675 915
675 905
675 403
675 549
675 250
676 430
676 28
676 912
677 28
677 898
678 364
678 106
679 431
679 168
679 304
679 371
679 547
680 927
680 883
680 692
680 179
681 849
681 633
682 206
682 535
682 431
682 215
682 116
683 181
683 552
684 43
684 155
684 534
684 361
685 603
685 309
685 66
685 362
685 280
685 903
685 771
686 656
686 50
686 241
686 581
686 922
686 990
686 418
687 787
687 323
687 435
687 872
687 295
688 978
688 523
688 216
689 468
689 796
689 816
689 933
690 313
690 405
690 707
690 241
690 390
690 440
691 667
691 282
691 571
692 751
692 87
693 603
693 375
693 836
693 367
693 851
694 567
694 235
694 794
694 312
694 140
695 714
695 668
695 740
696 953
696 142
696 632
696 558
696 907
697 678
697 145
697 977
697 999
697 854
697 400
698 427
698 341
699 737
699 41
700 28
701 222
701 750
701 160
701 990
702 459
702 103
702 498
702 668
703 8
703 137
703 959
704 337
704 47
704 899
705 690
705 361
705 645
705 433
705 581
706 369
706 880
706 394
706 917
707 216
707 191
707 588
707 258
707 873
708 434
709 574
709 229
709 179
709 602
709 97
710 933
710 305
710 396
710 115
710 720
710 733
710 33
710 802
710 216
711 434
711 695
711 601
711 548
712 791
712 435
712 233
712 523
712 923
712 505
712 651
712 911
713 454
713 21
713 913
714 28
714 617
715 372
715 961
715 821
715 825
715 488
716 784
716 148
716 977
717 281
717 180
717 349
717 548
718 40
718 373
718 12
718 101
719 512
719 638
719 968
719 807
719 881
720 196
720 509
720 283
720 37
720 889
720 860
721 365
721 706
721 302
721 213
721 463
721 255
722 50
722 140
722 87
723 819
723 121
723 376
724 145
724 202
725 75
725 650
725 940
725 996
725 429
726 838
726 269
726 992
726 21
727 332
727 788
727 116
727 496
727 319
728 443
728 579
728 801
728 51
729 986
729 262
729 949
729 203
729 315
730 991
730 283
730 836
730 157
731 86
731 479
731 27
732 363
732 467
732 295
732 310
732 473
733 830
733 407
733 60
733 651
733 362
733 930
735 32
735 973
735 709
735 927
735 810
736 681
736 390
736 572
736 214
736 81
736 888
736 405
736 758
736 441
737 921
737 619
737 337
737 790
737 429
737 513
738 652
738 488
738 399
738 366
738 262
738 724
739 958
739 641
739 510
739 147
739 150
741 350
741 397
741 906
742 785
742 629
742 556
742 230
743 129
743 938
743 406
743 873
743 872
744 252
744 190
744 774
744 487
744 570
744 935
745 762
745 38
745 26
745 486
745 701
746 395
747 275
747 653
747 953
747 456
747 825
747 810
748 848
748 415
748 771
748 445
749 870
749 565
749 160
749 779
749 681
749 452
750 353
750 996
750 416
751 437
751 288
751 450
751 442
752 166
753 326
753 393
753 768
753 629
753 334
754 86
754 878
755 461
755 784
755 30
756 509
756 615
756 936
757 399
757 272
757 650
757 378
757 642
758 277
758 57
759 456
759 988
759 931
759 811
759 133
759 533
759 829
760 27
760 128
760 96
760 693
760 282
760 36
761 260
761 810
762 442
762 175
762 626
762 107
762 75
763 570
763 854
763 129
763 519
763 335
763 693
764 611
764 213
764 350
764 737
764 977
765 393
765 883
765 699
766 620
766 646
766 603
766 934
766 480
767 885
767 547
767 783
768 98
768 219
768 988
769 667
769 604
769 980
769 151
769 903
769 824
770 357
770 607
770 180
770 258
770 420
771 114
771 469
771 420
772 504
772 222
772 949
772 17
772 177
772 295
773 351
774 345
774 342
774 39
774 357
774 139
775 474
775 185
775 455
775 721
776 671
776 169
776 761
777 11
777 365
777 654
777 919
777 390
778 954
778 694
778 43
778 699
778 397
779 570
779 975
779 939
779 27
780 266
780 361
780 639
780 449
781 356
781 803
781 230
781 529
782 465
782 536
782 611
782 574
782 650
782 831
783 248
783 483
783 446
783 454
783 262
784 97
784 751
784 135
784 590
784 986
784 277
785 775
785 111
785 694
785 209
785 738
785 759
785 926
785 905
786 133
786 185
786 859
787 318
787 515
788 749
788 49
788 979
788 392
788 130
788 178
789 892
789 696
789 171
789 765
789 639
790 272
790 929
790 980
790 998
790 284
790 824
791 952
791 137
791 510
791 640
791 152
792 912
792 380
792 746
793 65
793 674
793 455
793 623
794 385
794 286
794 346
795 653
795 729
795 205
795 716
795 549
796 693
796 563
796 901
796 923
796 546
797 411
797 423
797 461
797 914
797 277
798 999
798 15
798 693
798 557
798 99
799 955
799 951
799 147
799 662
800 208
800 597
800 6
800 465
801 576
801 684
801 705
802 660
802 752
802 506
802 78
803 16
803 780
804 573
804 746
804 469
804 415
804 103
805 839
805 593
806 461
806 874
806 260
807 224
807 858
807 790
807 633
808 459
808 560
808 518
808 294
808 298
808 569
809 218
809 444
809 93
809 720
809 149
810 908
810 437
810 235
810 241
810 763
811 821
811 10
811 55
811 655
811 343
812 712
812 985
812 855
812 592
813 286
813 598
813 307
814 299
814 509
814 153
814 746
814 839
814 815
814 297
816 791
816 550
816 995
816 118
816 259
817 449
817 533
817 652
817 372
817 348
817 857
817 71
817 315
817 402
818 149
819 738
819 709
819 987
819 269
819 639
819 291
819 706
820 578
820 402
820 361
820 639
820 48
820 306
821 496
821 110
821 701
821 296
821 828
821 306
821 394
822 240
822 447
822 107
822 670
822 870
822 854
822 452
823 77
823 775
823 215
823 600
824 527
824 73
824 375
824 827
824 197
824 739
825 382
825 529
825 26
825 296
826 259
826 966
826 249
827 505
827 518
827 773
827 928
828 874
828 946
829 229
829 877
829 108
829 876
829 6
830 739
830 83
830 878
830 471
830 773
831 435
831 939
831 79
831 880
832 489
832 898
832 663
832 61
833 169
833 171
833 845
833 895
833 120
834 334
834 772
834 261
834 432
834 751
834 567
834 43
835 86
835 103
835 191
836 521
836 886
836 835
837 852
837 156
837 787
838 462
838 97
838 365
838 173
838 650
838 406
840 516
840 215
840 751
840 530
841 420
841 413
841 124
841 898
842 757
842 5
842 673
842 356
843 119
843 401
843 473
843 481
844 151
844 182
844 678
844 178
845 867
845 699
845 719
845 905
845 529
846 53
848 662
848 485
849 284
849 298
849 651
850 30
850 266
850 895
850 263
851 955
851 568
852 551
854 468
854 323
854 341
854 848
855 401
855 935
855 396
856 445
856 147
856 279
857 213
857 378
857 899
858 109
858 95
858 942
858 563
859 158
859 179
859 291
859 946
861 965
861 801
861 742
861 219
861 943
861 94
862 951
862 614
863 734
863 601
863 128
863 267
863 349
864 222
864 603
864 997
864 523
864 44
864 96
865 928
866 94
866 461
866 874
866 701
866 286
866 782
866 822
867 385
867 370
867 844
867 701
867 319
868 370
868 108
868 450
868 250
868 611
868 296
869 879
870 126
870 272
870 25
870 189
871 858
871 435
871 419
871 228
871 750
872 752
872 966
874 969
874 26
874 852
874 41
874 890
875 594
875 658
875 648
875 785
875 765
875 778
876 999
876 376
876 599
877 986
877 626
877 896
877 70
878 85
879 877
879 577
879 777
879 366
879 30
879 520
880 799
880 1
880 379
880 930
880 36
880 470
880 66
880 344
880 947
881 400
881 214
881 730
881 363
881 754
883 828
883 311
883 455
883 913
883 369
883 486
884 815
885 533
885 311
885 472
885 735
885 782
885 3
886 187
886 848
886 909
886 381
886 947
886 424
886 310
887 919
887 920
887 399
887 631
887 633
888 622
888 804
888 270
888 170
888 316
888 174
889 445
889 342
889 708
889 754
889 8
889 479
889 507
890 501
890 949
890 365
890 493
890 605
890 984
891 961
891 438
891 532
891 915
891 371
891 439
891 291
892 43
892 390
892 764
892 466
893 551
893 520
893 766
893 670
893 501
894 984
894 6
894 143
894 214
895 186
895 874
895 697
895 706
896 508
896 563
896 441
896 274
897 960
897 198
897 930
897 563
897 526
897 569
898 242
898 137
898 525
899 405
899 442
899 613
899 798
900 680
900 12
900 232
900 404
900 803
900 439
901 640
901 413
901 935
901 862
901 355
901 152
901 191
902 457
902 889
902 93
902 27
902 963
902 303
902 526
902 606
903 345
903 550
903 826
905 158
905 987
905 260
905 238
906 390
906 812
906 613
906 486
906 661
906 574
906 186
907 43
907 806
907 729
907 920
908 511
908 76
908 375
908 387
908 587
908 417
908 740
909 76
909 147
909 542
910 209
910 534
910 653
910 332
911 434
911 279
913 986
913 686
913 433
914 493
914 908
915 30
915 167
915 745
915 656
916 511
916 15
916 922
916 79
916 824
916 570
916 526
917 1
917 78
917 22
917 375
918 388
918 178
919 857
919 228
919 419
920 724
920 427
920 670
920 553
920 957
921 407
921 178
921 80
921 962
921 208
921 667
921 941
922 975
922 854
922 996
922 331
922 384
923 427
923 489
923 862
924 5
924 206
924 472
924 926
924 648
924 823
924 757
925 896
925 465
925 897
926 634
926 179
926 155
927 894
927 235
927 895
927 626
927 255
928 39
929 22
929 677
929 935
929 659
929 118
930 702
931 949
931 65
931 338
932 583
932 68
933 342
933 424
933 494
934 630
934 323
934 72
934 355
935 573
935 283
935 489
935 947
935 321
936 166
936 860
936 754
936 193
936 847
937 477
937 718
937 629
937 257
938 997
938 202
938 592
939 957
939 23
939 102
939 526
939 444
939 299
940 620
940 689
940 962
941 357
941 88
941 35
941 226
942 500
942 526
942 236
942 388
942 989
943 946
943 265
943 286
943 751
943 652
944 311
944 578
944 288
944 806
945 864
945 211
945 581
945 766
945 949
946 561
946 897
946 737
947 490
949 929
949 412
949 960
949 207
949 113
950 582
950 866
950 564
950 314
953 87
953 276
953 172
953 554
953 649
954 382
954 690
954 140
954 631
954 237
954 141
955 74
955 227
956 87
956 50
957 494
957 123
957 379
957 711
958 983
959 627
959 176
959 507
960 482
960 335
960 473
960 901
960 49
960 519
961 10
961 757
961 186
961 512
961 921
962 873
962 569
962 974
962 770
962 511
962 264
962 259
963 846
963 672
963 791
964 560
964 444
964 197
964 341
965 625
965 225
965 261
965 623
966 193
967 658
967 924
967 558
967 446
968 236
968 453
968 908
968 452
969 760
969 670
969 295
969 406
969 633
969 468
969 824
969 126
970 811
970 399
970 307
971 705
971 623
971 142
971 538
972 104
973 722
973 678
974 115
974 191
974 863
974 93
975 546
975 469
975 550
975 635
975 603
975 505
976 25
976 254
977 804
977 605
977 198
977 685
977 938
977 750
977 282
978 660
978 363
978 129
979 752
979 826
979 444
979 873
979 955
979 414
979 152
980 129
980 244
980 587
980 586
980 734
981 676
981 82
981 746
981 86
982 793
982 595
982 671
982 600
982 634
983 485
984 606
984 447
984 854
984 240
984 940
984 173
984 379
985 198
985 49
985 870
985 177
985 557
986 707
986 638
986 255
987 406
987 237
988 893
988 87
988 895
989 36
989 841
989 59
990 233
990 359
990 994
990 711
991 832
991 37
991 128
991 357
992 254
992 749
992 989
992 369
992 613
992 701
992 95
993 99
993 136
993 998
993 940
993 854
993 481
994 695
994 958
994 773
994 409
994 434
994 19
995 413
995 482
995 341
996 591
996 407
996 471
997 480
997 964
998 495
998 830
998 923
998 688
998 770
998 381
999 178
999 624
999 667
999 362
1000 290
1000 404
1000 329
1000 223
1000 69
