999
1 604
2 959
3 874
4 226
5 381
6 908
7 178
8 740
9 267
10 525
11 327
12 625
13 303
14 232
15 924
16 837
17 636
18 315
19 153
20 635
21 150
22 599
23 639
24 205
25 276
26 445
27 55
28 286
29 562
30 812
31 382
32 237
33 117
34 815
35 329
36 185
37 255
38 301
39 602
40 44
41 422
42 118
43 586
44 222
45 190
46 950
47 659
48 663
49 617
50 398
51 765
52 313
53 981
54 830
55 690
56 368
57 428
58 152
59 686
60 438
61 512
62 239
63 935
64 45
65 792
66 396
67 605
68 847
69 421
70 48
71 947
72 273
73 571
74 790
75 694
76 594
77 17
78 870
79 816
80 825
81 13
82 334
83 618
84 855
85 568
86 495
87 713
88 408
89 970
90 678
91 738
92 570
93 291
94 931
95 295
96 652
97 60
98 340
99 543
100 482
101 856
102 211
103 2
104 764
105 437
106 884
107 780
108 555
109 58
110 212
111 591
112 52
113 427
114 939
115 316
116 89
117 643
118 984
119 530
120 162
121 526
122 494
123 8
124 998
125 517
126 702
127 467
128 574
129 91
130 260
131 40
132 705
133 774
134 741
135 270
136 471
137 57
138 70
139 820
140 688
141 875
142 614
143 287
144 783
145 466
146 463
147 64
148 772
149 362
150 918
151 898
152 481
153 412
154 733
155 976
156 745
157 715
158 157
159 449
160 514
161 376
162 311
163 537
164 527
165 736
166 843
167 545
168 240
169 750
170 279
171 492
172 163
173 265
174 576
175 4
176 904
177 838
178 892
179 714
180 363
181 726
182 662
183 242
184 74
185 351
186 649
187 230
188 536
189 872
190 378
191 416
192 418
193 218
194 519
195 841
196 285
197 299
198 314
199 461
200 221
201 953
202 391
203 504
204 894
205 32
206 509
207 75
208 724
209 107
210 272
211 380
212 704
213 393
214 888
215 406
216 488
217 989
218 901
219 262
220 703
221 83
222 282
223 589
224 706
225 154
226 147
227 675
228 626
229 522
230 766
231 432
232 933
233 330
234 1
235 155
236 553
237 508
238 677
239 960
240 551
241 133
242 256
243 281
244 789
245 101
246 490
247 268
248 148
249 640
250 907
251 139
252 386
253 814
254 331
255 759
256 991
257 134
258 306
259 42
260 650
261 956
262 245
263 146
264 682
265 296
266 752
267 227
268 680
269 502
270 556
271 813
272 707
273 254
274 742
275 395
276 585
277 811
278 111
279 849
280 784
281 199
282 294
283 361
284 241
285 607
286 903
287 787
288 400
289 132
290 336
291 414
292 793
293 974
294 818
295 9
296 827
297 943
298 444
299 203
300 271
301 972
302 885
303 597
304 474
305 307
306 425
307 891
308 934
309 632
310 771
311 992
312 455
313 503
314 846
315 41
316 641
317 963
318 142
319 945
320 673
321 384
322 326
323 456
324 858
325 936
326 253
327 491
328 460
329 349
330 781
331 87
332 580
333 126
334 138
335 938
336 889
337 746
338 611
339 831
340 529
341 592
342 566
343 993
344 541
345 773
346 454
347 85
348 676
349 175
350 423
351 777
352 66
353 581
354 569
355 206
356 289
357 323
358 308
359 452
360 480
361 7
362 249
363 213
364 156
365 917
366 505
367 700
368 193
369 753
370 915
371 588
372 192
373 919
374 719
375 965
376 980
377 671
378 743
379 108
380 628
381 971
382 305
383 644
384 601
385 751
386 911
387 115
388 424
389 387
390 794
391 990
393 165
394 26
395 92
396 606
397 149
398 747
399 475
400 836
401 633
402 280
403 235
404 15
405 722
406 810
407 564
408 202
409 95
410 712
411 538
412 897
413 407
414 730
415 940
416 136
417 122
418 647
419 390
420 600
421 718
422 798
423 413
424 184
425 465
426 77
427 501
428 859
429 962
430 627
431 325
432 484
433 164
434 882
435 834
436 130
437 941
438 906
439 297
440 699
441 274
442 776
443 557
444 410
445 854
446 623
447 629
448 223
449 116
450 642
451 358
452 687
453 364
454 302
455 744
456 151
457 72
458 966
459 878
460 18
461 172
462 225
463 29
464 298
465 778
466 779
467 54
468 497
469 219
470 598
471 845
472 899
473 24
474 140
475 914
476 853
477 621
478 109
479 182
480 435
481 251
482 345
483 926
484 900
485 50
486 797
487 220
488 749
489 191
490 518
491 160
492 803
493 549
494 782
495 177
496 360
497 371
498 374
499 176
500 920
501 654
502 739
503 110
504 701
505 99
506 763
507 578
508 524
509 876
510 478
511 183
512 324
513 82
514 877
515 728
516 337
517 510
518 697
519 90
520 542
521 734
522 125
523 485
524 979
525 729
526 651
527 547
528 339
529 159
530 394
531 868
532 973
533 84
534 802
535 373
536 399
537 197
538 496
539 842
540 93
541 5
542 120
543 161
544 141
545 457
546 244
547 228
548 459
549 195
550 731
551 655
552 930
553 668
554 53
555 129
556 124
557 696
558 833
559 264
560 619
561 309
562 20
563 128
564 367
565 379
566 637
567 857
568 851
569 104
570 187
571 775
572 801
573 615
574 622
575 584
576 809
577 388
578 737
579 805
580 469
581 335
582 985
583 234
584 318
585 969
586 800
587 328
588 866
589 544
590 921
591 322
592 479
593 698
594 170
595 550
596 243
597 902
598 442
599 401
600 356
601 685
602 691
603 957
604 321
605 674
606 404
607 458
608 852
609 948
610 103
611 359
612 500
613 670
614 96
615 693
616 631
617 664
618 880
619 464
620 532
621 10
622 613
623 16
624 511
625 38
626 975
627 22
628 944
629 788
630 755
631 528
632 168
633 961
634 433
635 896
636 477
637 236
638 958
639 886
640 333
641 68
642 832
643 840
644 451
645 681
646 634
647 238
648 51
649 895
650 196
651 312
652 695
653 470
654 188
655 587
656 819
657 732
658 94
659 808
660 684
661 829
662 12
663 47
664 300
665 850
666 995
667 520
668 443
669 826
670 320
671 546
672 1000
673 67
674 375
675 828
676 186
677 823
678 158
679 346
680 996
681 653
682 319
683 288
684 105
685 472
686 292
687 986
688 450
689 76
690 113
691 928
692 409
693 174
694 929
695 711
696 863
697 769
698 560
699 28
700 796
701 248
702 937
703 357
704 758
705 431
706 839
707 531
708 590
709 372
710 913
711 448
712 317
713 392
714 246
715 440
716 106
717 366
718 689
719 473
720 717
721 912
722 964
723 56
724 716
725 167
726 468
727 119
728 573
729 533
730 447
731 137
732 660
733 760
734 181
735 135
736 799
737 224
738 275
739 441
740 645
741 383
742 754
743 173
744 558
745 923
746 997
747 33
748 231
749 341
750 397
751 710
752 377
753 910
754 942
755 310
756 982
757 561
758 757
759 658
760 247
761 817
762 967
763 983
764 806
765 620
766 30
767 795
768 114
769 540
770 683
771 102
772 430
773 498
774 861
775 949
776 786
777 43
778 893
779 34
780 890
781 669
782 78
783 39
784 988
785 344
786 879
787 762
788 672
789 761
790 71
791 257
792 927
793 347
794 630
795 572
796 81
797 946
798 229
799 768
800 462
801 657
802 791
803 994
804 209
805 332
806 98
807 692
808 402
809 385
810 844
811 610
812 978
813 807
814 143
815 214
816 100
817 259
818 548
819 180
820 277
821 169
822 720
823 198
824 608
825 179
826 667
827 656
828 616
829 506
830 446
831 46
832 171
833 252
834 869
835 507
836 353
837 987
838 577
839 721
840 725
841 342
842 338
843 563
844 515
845 909
846 922
847 708
848 283
849 539
850 266
851 411
852 69
853 278
854 3
855 727
856 415
857 952
858 290
859 848
860 951
861 871
862 756
863 263
864 977
865 304
866 493
867 343
868 189
869 603
870 583
871 25
872 862
873 516
874 925
875 284
876 123
877 748
878 389
879 144
880 552
881 860
882 679
883 665
884 350
885 417
886 405
887 200
888 821
889 208
890 204
891 638
892 487
893 80
894 233
895 804
896 567
897 883
898 14
899 916
900 955
901 258
902 207
903 595
904 434
905 73
906 579
907 35
908 648
909 565
910 881
911 250
912 489
913 735
914 145
915 217
916 596
917 11
918 905
919 31
920 352
921 61
922 554
923 201
924 127
925 403
926 37
927 535
928 121
929 65
930 968
931 824
932 785
933 476
934 426
935 216
936 932
937 612
938 6
939 593
940 499
941 429
942 194
943 575
944 483
945 835
946 887
947 453
948 523
949 864
950 582
951 609
952 661
953 521
954 370
955 723
956 822
957 865
958 419
959 767
960 36
961 354
962 63
963 59
964 954
965 709
966 867
967 97
968 369
969 131
970 210
971 23
972 666
973 62
974 166
975 112
976 348
977 420
978 999
979 436
980 79
981 27
982 355
983 215
984 624
985 365
986 646
987 88
988 559
989 770
990 534
991 439
992 261
993 486
994 873
995 49
996 19
997 86
998 513
999 21
1000 293
