1996
1 950
2 950
3 950
4 950
5 950
6 950
7 950
8 950
9 950
10 950
11 950
12 950
13 950
14 950
15 950
16 950
17 950
18 950
19 950
20 950
21 950
22 950
23 950
24 950
25 950
26 950
27 950
28 950
29 950
30 950
31 950
32 950
33 950
34 950
35 950
36 950
37 950
38 950
39 950
40 950
41 950
42 950
43 950
44 950
45 950
46 950
47 950
48 950
49 950
50 950
51 950
52 950
53 950
54 950
55 950
56 950
57 950
58 950
59 950
60 950
61 950
62 950
63 950
64 950
65 950
66 950
67 950
68 950
69 950
70 950
71 950
72 950
73 950
74 950
75 950
76 950
77 950
78 950
79 950
80 950
81 950
82 950
83 950
84 950
85 950
86 950
87 950
88 950
89 950
90 950
91 950
92 950
93 950
94 950
95 950
96 950
97 950
98 950
99 950
100 950
101 950
102 950
103 950
104 950
105 950
106 950
107 950
108 950
109 950
110 950
111 950
112 950
113 950
114 950
115 950
116 950
117 950
118 950
119 950
120 950
121 950
122 950
123 950
124 950
125 950
126 950
127 950
128 950
129 950
130 950
131 950
132 950
133 950
134 950
135 950
136 950
137 950
138 950
139 950
140 950
141 950
142 950
143 950
144 950
145 950
146 950
147 950
148 950
149 950
150 950
151 950
152 950
153 950
154 950
155 950
156 950
157 950
158 950
159 950
160 950
161 950
162 950
163 950
164 950
165 950
166 950
167 950
168 950
169 950
170 950
171 950
172 950
173 950
174 950
175 950
176 950
177 950
178 950
179 950
180 950
181 950
182 950
183 950
184 950
185 950
186 950
187 950
188 950
189 950
190 950
191 950
192 950
193 950
194 950
195 950
196 950
197 950
198 950
199 950
200 950
201 950
202 950
203 950
204 950
205 950
206 950
207 950
208 950
209 950
210 950
211 950
212 950
213 950
214 950
215 950
216 950
217 950
218 950
219 950
220 950
221 950
222 950
223 950
224 950
225 950
226 950
227 950
228 950
229 950
230 950
231 950
232 950
233 950
234 950
235 950
236 950
237 950
238 950
239 950
240 950
241 950
242 950
243 950
244 950
245 950
246 950
247 950
248 950
249 950
250 950
251 950
252 950
253 950
254 950
255 950
256 950
257 950
258 950
259 950
260 950
261 950
262 950
263 950
264 950
265 950
266 950
267 950
268 950
269 950
270 950
271 950
272 950
273 950
274 950
275 950
276 950
277 950
278 950
279 950
280 950
281 950
282 950
283 950
284 950
285 950
286 950
287 950
288 950
289 950
290 950
291 950
292 950
293 950
294 950
295 950
296 950
297 950
298 950
299 950
300 950
301 950
302 950
303 950
304 950
305 950
306 950
307 950
308 950
309 950
310 950
311 950
312 950
313 149
313 642
313 218
313 986
313 543
313 518
313 762
313 140
313 56
313 848
313 272
313 207
313 647
313 960
313 637
313 712
313 865
313 911
313 600
313 483
313 966
313 496
313 124
313 317
313 65
313 988
313 243
313 684
313 633
313 305
313 688
313 961
313 501
313 809
313 64
313 909
313 821
313 320
313 997
313 442
313 174
313 185
313 153
313 973
313 974
313 375
313 478
313 797
313 183
313 796
313 358
313 71
313 758
313 514
313 826
313 520
313 464
313 416
313 789
313 846
313 493
313 460
313 937
313 883
313 212
313 172
313 481
313 952
313 690
313 338
313 405
313 682
313 592
313 192
313 302
313 984
313 29
313 983
313 720
313 955
313 612
313 106
313 20
313 655
313 123
313 521
313 440
313 814
313 395
313 726
313 394
313 244
313 368
313 836
313 541
313 248
313 318
313 747
313 766
313 205
313 765
313 208
313 659
313 393
313 240
313 691
313 443
313 425
313 649
313 904
313 15
313 775
313 994
313 998
313 717
313 980
313 150
313 434
313 947
313 369
313 364
313 419
313 495
313 231
313 576
313 681
313 578
313 33
313 435
313 750
313 703
313 686
313 860
313 415
313 345
313 693
313 977
313 788
313 444
313 112
313 881
313 265
313 396
313 223
313 163
313 842
313 161
313 696
313 871
313 3
313 776
313 987
313 683
313 52
313 370
313 355
313 188
313 32
313 498
313 549
313 130
313 119
313 609
313 280
313 858
313 465
313 79
313 340
313 241
313 18
313 780
313 374
313 155
313 946
313 931
313 892
313 824
313 82
313 992
313 749
313 924
313 885
313 121
313 372
313 522
313 915
313 237
313 591
313 179
313 570
313 900
313 513
313 763
313 819
313 954
313 854
313 873
313 705
313 507
313 650
313 876
313 768
313 182
313 573
313 138
313 274
313 378
313 542
313 864
313 118
313 508
313 186
313 58
313 617
313 238
313 131
313 7
313 321
313 595
313 48
313 802
313 181
313 366
313 314
313 799
313 189
313 92
313 221
313 423
313 451
313 664
313 722
313 742
313 857
313 270
313 614
313 282
313 173
313 889
313 843
313 114
313 471
313 306
313 719
313 648
313 81
313 740
313 597
313 505
313 461
313 331
313 751
313 175
313 829
313 754
313 324
313 75
313 349
313 215
313 736
313 969
313 678
313 278
313 337
313 104
313 88
313 608
313 110
313 31
313 738
313 490
313 6
313 676
313 401
313 631
313 579
313 380
313 54
313 772
313 643
313 607
313 761
313 315
313 729
313 500
313 910
313 971
313 335
313 307
313 660
313 755
313 256
313 510
313 965
313 418
313 458
313 922
313 976
313 812
313 309
313 951
313 741
313 383
313 271
313 70
313 227
313 859
313 907
313 732
313 527
313 162
313 828
313 311
313 630
313 12
313 362
313 827
313 456
313 944
313 991
313 198
313 529
313 146
313 151
313 625
313 249
313 194
313 698
313 115
313 823
313 820
313 774
313 399
313 398
313 38
313 572
313 288
313 116
313 446
313 512
313 896
313 948
313 193
313 888
313 964
313 284
313 323
313 516
313 497
313 1
313 530
313 252
313 491
313 261
313 544
313 869
313 431
313 968
313 67
313 384
313 312
313 894
313 109
313 949
313 94
313 504
313 995
313 526
313 870
313 594
313 407
313 640
313 376
313 449
313 447
313 956
313 1000
313 47
313 262
313 596
313 251
313 929
313 675
313 129
313 610
313 833
313 511
313 488
313 503
313 621
313 328
313 367
313 13
313 441
313 468
313 259
313 411
313 535
313 580
313 21
313 882
313 989
313 143
313 8
313 93
313 9
313 196
313 171
313 166
313 141
313 373
313 128
313 283
313 920
313 919
313 484
313 308
313 552
313 773
313 408
313 798
313 862
313 492
313 354
313 156
313 891
313 556
313 365
313 851
313 356
313 557
313 16
313 397
313 903
313 69
313 42
313 417
313 546
313 838
313 292
313 300
313 454
313 714
313 680
313 716
313 298
313 921
313 363
313 80
313 290
313 730
313 134
313 653
313 448
313 351
313 849
313 68
313 469
313 645
313 727
313 479
313 887
313 473
313 391
313 619
313 658
313 850
313 197
313 329
313 84
313 661
313 667
313 735
313 233
313 43
313 646
313 49
313 404
313 861
313 602
313 25
313 30
313 234
313 537
313 236
313 301
313 10
313 867
313 603
313 294
313 794
313 791
313 326
313 721
313 593
313 421
313 152
313 111
313 808
313 379
313 662
313 560
313 902
313 622
313 795
313 687
313 559
313 472
313 122
313 605
313 581
313 135
313 635
313 657
313 209
313 616
313 107
313 202
313 228
313 629
313 386
313 905
313 277
313 232
313 638
313 692
313 203
313 962
313 108
313 652
313 644
313 263
313 89
313 942
313 628
313 24
313 217
313 586
313 73
313 561
313 11
313 201
313 178
313 273
313 672
313 623
313 102
313 87
313 863
313 756
313 996
313 409
313 266
313 184
313 76
313 893
313 569
313 214
313 414
313 792
313 895
313 103
313 805
313 800
313 245
313 764
313 388
313 427
313 620
313 170
313 677
313 943
313 519
313 804
313 341
313 164
313 601
313 499
313 403
313 890
313 327
313 36
313 332
313 27
313 728
313 665
313 879
313 953
313 470
313 709
313 154
313 211
313 35
313 39
313 41
313 734
313 639
313 807
313 125
313 702
313 787
313 923
313 872
313 753
313 844
313 66
313 634
313 487
313 342
313 724
313 339
313 289
313 476
313 524
313 783
313 817
313 978
313 811
313 611
313 44
313 906
313 477
313 866
313 410
313 346
313 86
313 588
313 651
313 247
313 700
313 818
313 190
313 704
313 260
313 389
313 967
313 515
313 242
313 531
313 239
313 847
313 258
313 985
313 806
313 412
313 606
313 295
313 708
313 191
313 671
313 267
313 420
313 430
313 26
313 845
313 120
313 577
313 381
313 99
313 957
313 293
313 711
313 74
313 932
313 970
313 462
313 297
313 928
313 999
313 563
313 695
313 285
313 126
313 875
313 912
313 555
313 830
313 793
313 382
313 319
313 467
313 352
313 296
313 840
313 767
313 940
313 145
313 475
313 264
313 23
313 656
313 480
313 786
313 663
313 424
313 177
313 926
313 710
313 790
313 538
313 831
313 568
313 571
313 333
313 584
313 599
313 715
313 618
313 377
313 413
313 275
313 37
313 316
313 101
313 187
313 816
313 930
313 784
313 517
313 582
313 46
313 387
313 494
313 336
313 785
313 343
313 482
313 281
313 85
313 713
313 4
313 213
313 157
313 668
313 222
313 385
313 235
313 945
313 158
313 148
313 972
313 78
313 45
313 91
313 701
313 669
313 739
313 585
313 360
313 14
313 769
313 899
313 60
313 452
313 127
313 886
313 268
313 113
313 253
313 916
313 226
313 219
313 685
313 935
313 57
313 96
313 255
313 697
313 359
313 993
313 63
313 589
313 159
313 361
313 673
313 200
313 757
313 801
313 137
313 142
313 938
313 206
313 880
313 813
313 429
313 550
313 523
313 133
313 432
313 53
313 422
313 839
313 841
313 666
313 590
313 558
313 822
313 62
313 551
313 83
313 674
313 347
313 224
313 353
313 299
313 532
313 958
313 357
313 810
313 874
313 777
313 723
313 276
313 303
313 210
313 615
313 979
313 981
313 287
313 934
313 632
313 901
313 502
313 545
313 759
313 733
313 575
313 229
313 525
313 220
313 933
313 963
313 506
313 216
313 97
313 877
313 743
313 350
313 90
313 565
313 180
313 878
313 654
313 782
313 486
313 803
313 613
313 982
313 100
313 257
313 540
313 132
313 406
313 567
313 459
313 77
313 269
313 5
313 98
313 392
313 474
313 322
313 254
313 908
313 50
313 344
313 291
313 731
313 718
313 553
313 936
313 310
313 853
313 670
313 834
313 450
313 737
313 304
313 199
313 17
313 371
313 195
313 604
313 975
313 95
313 438
313 246
313 325
313 627
313 439
313 587
313 22
313 144
313 689
313 925
313 225
313 835
313 55
313 898
313 167
313 752
313 334
313 548
313 40
313 463
313 852
313 453
313 624
313 433
313 59
313 72
313 528
313 779
313 534
313 918
313 778
313 105
313 402
313 489
313 868
313 832
313 636
313 699
313 168
313 169
313 744
313 330
313 837
313 564
313 466
313 147
313 533
313 748
313 917
313 626
313 136
313 204
313 771
313 566
313 583
313 781
313 400
313 348
313 279
313 165
313 455
313 390
313 536
313 927
313 176
313 856
313 2
313 770
313 760
313 706
313 457
313 61
313 34
313 250
313 28
313 913
313 825
313 51
313 139
313 19
313 815
313 884
313 598
313 230
313 897
313 914
313 641
313 547
313 574
313 509
313 941
313 990
313 445
313 939
313 745
313 436
313 539
313 855
313 428
313 694
313 554
313 959
313 562
313 437
313 286
313 746
313 485
313 426
313 725
313 117
313 160
313 679
313 707
314 950
315 950
316 950
317 950
318 950
319 950
320 950
321 950
322 950
323 950
324 950
325 950
326 950
327 950
328 950
329 950
330 950
331 950
332 950
333 950
334 950
335 950
336 950
337 950
338 950
339 950
340 950
341 950
342 950
343 950
344 950
345 950
346 950
347 950
348 950
349 950
350 950
351 950
352 950
353 950
354 950
355 950
356 950
357 950
358 950
359 950
360 950
361 950
362 950
363 950
364 950
365 950
366 950
367 950
368 950
369 950
370 950
371 950
372 950
373 950
374 950
375 950
376 950
377 950
378 950
379 950
380 950
381 950
382 950
383 950
384 950
385 950
386 950
387 950
388 950
389 950
390 950
391 950
392 950
393 950
394 950
395 950
396 950
397 950
398 950
399 950
400 950
401 950
402 950
403 950
404 950
405 950
406 950
407 950
408 950
409 950
410 950
411 950
412 950
413 950
414 950
415 950
416 950
417 950
418 950
419 950
420 950
421 950
422 950
423 950
424 950
425 950
426 950
427 950
428 950
429 950
430 950
431 950
432 950
433 950
434 950
435 950
436 950
437 950
438 950
439 950
440 950
441 950
442 950
443 950
444 950
445 950
446 950
447 950
448 950
449 950
450 950
451 950
452 950
453 950
454 950
455 950
456 950
457 950
458 950
459 950
460 950
461 950
462 950
463 950
464 950
465 950
466 950
467 950
468 950
469 950
470 950
471 950
472 950
473 950
474 950
475 950
476 950
477 950
478 950
479 950
480 950
481 950
482 950
483 950
484 950
485 950
486 950
487 950
488 950
489 950
490 950
491 950
492 950
493 950
494 950
495 950
496 950
497 950
498 950
499 950
500 950
501 950
502 950
503 950
504 950
505 950
506 950
507 950
508 950
509 950
510 950
511 950
512 950
513 950
514 950
515 950
516 950
517 950
518 950
519 950
520 950
521 950
522 950
523 950
524 950
525 950
526 950
527 950
528 950
529 950
530 950
531 950
532 950
533 950
534 950
535 950
536 950
537 950
538 950
539 950
540 950
541 950
542 950
543 950
544 950
545 950
546 950
547 950
548 950
549 950
550 950
551 950
552 950
553 950
554 950
555 950
556 950
557 950
558 950
559 950
560 950
561 950
562 950
563 950
564 950
565 950
566 950
567 950
568 950
569 950
570 950
571 950
572 950
573 950
574 950
575 950
576 950
577 950
578 950
579 950
580 950
581 950
582 950
583 950
584 950
585 950
586 950
587 950
588 950
589 950
590 950
591 950
592 950
593 950
594 950
595 950
596 950
597 950
598 950
599 950
600 950
601 950
602 950
603 950
604 950
605 950
606 950
607 950
608 950
609 950
610 950
611 950
612 950
613 950
614 950
615 950
616 950
617 950
618 950
619 950
620 950
621 950
622 950
623 950
624 950
625 950
626 950
627 950
628 950
629 950
630 950
631 950
632 950
633 950
634 950
635 950
636 950
637 950
638 950
639 950
640 950
641 950
642 950
643 950
644 950
645 950
646 950
647 950
648 950
649 950
650 950
651 950
652 950
653 950
654 950
655 950
656 950
657 950
658 950
659 950
660 950
661 950
662 950
663 950
664 950
665 950
666 950
667 950
668 950
669 950
670 950
671 950
672 950
673 950
674 950
675 950
676 950
677 950
678 950
679 950
680 950
681 950
682 950
683 950
684 950
685 950
686 950
687 950
688 950
689 950
690 950
691 950
692 950
693 950
694 950
695 950
696 950
697 950
698 950
699 950
700 950
701 950
702 950
703 950
704 950
705 950
706 950
707 950
708 950
709 950
710 950
711 950
712 950
713 950
714 950
715 950
716 950
717 950
718 950
719 950
720 950
721 950
722 950
723 950
724 950
725 950
726 950
727 950
728 950
729 950
730 950
731 950
732 950
733 950
734 950
735 950
736 950
737 950
738 950
739 950
740 950
741 950
742 950
743 950
744 950
745 950
746 950
747 950
748 950
749 950
750 950
751 950
752 950
753 950
754 950
755 950
756 950
757 950
758 950
759 950
760 950
761 950
762 950
763 950
764 950
765 950
766 950
767 950
768 950
769 950
770 950
771 950
772 950
773 950
774 950
775 950
776 950
777 950
778 950
779 950
780 950
781 950
782 950
783 950
784 950
785 950
786 950
787 950
788 950
789 950
790 950
791 950
792 950
793 950
794 950
795 950
796 950
797 950
798 950
799 950
800 950
801 950
802 950
803 950
804 950
805 950
806 950
807 950
808 950
809 950
810 950
811 950
812 950
813 950
814 950
815 950
816 950
817 950
818 950
819 950
820 950
821 950
822 950
823 950
824 950
825 950
826 950
827 950
828 950
829 950
830 950
831 950
832 950
833 950
834 950
835 950
836 950
837 950
838 950
839 950
840 950
841 950
842 950
843 950
844 950
845 950
846 950
847 950
848 950
849 950
850 950
851 950
852 950
853 950
854 950
855 950
856 950
857 950
858 950
859 950
860 950
861 950
862 950
863 950
864 950
865 950
866 950
867 950
868 950
869 950
870 950
871 950
872 950
873 950
874 950
875 950
876 950
877 950
878 950
879 950
880 950
881 950
882 950
883 950
884 950
885 950
886 950
887 950
888 950
889 950
890 950
891 950
892 950
893 950
894 950
895 950
896 950
897 950
898 950
899 950
900 950
901 950
902 950
903 950
904 950
905 950
906 950
907 950
908 950
909 950
910 950
911 950
912 950
913 950
914 950
915 950
916 950
917 950
918 950
919 950
920 950
921 950
922 950
923 950
924 950
925 950
926 950
927 950
928 950
929 950
930 950
931 950
932 950
933 950
934 950
935 950
936 950
937 950
938 950
939 950
940 950
941 950
942 950
943 950
944 950
945 950
946 950
947 950
948 950
949 950
951 950
952 950
953 950
954 950
955 950
956 950
957 950
958 950
959 950
960 950
961 950
962 950
963 950
964 950
965 950
966 950
967 950
968 950
969 950
970 950
971 950
972 950
973 950
974 950
975 950
976 950
977 950
978 950
979 950
980 950
981 950
982 950
983 950
984 950
985 950
986 950
987 950
988 950
989 950
990 950
991 950
992 950
993 950
994 950
995 950
996 950
997 950
998 950
999 950
1000 950
